<?xml version="1.0" encoding="UTF-8"?>
<!-- Generated by org.testng.reporters.JUnitXMLReporter -->
<testsuite ignored="0" hostname="DESKTOP-UUGSSKP" failures="0" tests="3" name="Home Page Data-Driven Test" time="45.49" errors="0" timestamp="2020-10-19T04:27:58 EDT">
  <testcase classname="test.AppiumFramework.CustLoginTest" name="mySQL_Test" time="14.637"/>
  <testcase classname="test.AppiumFramework.CustLoginTest" name="mySQL_Test" time="20.707"/>
  <testcase classname="test.AppiumFramework.CustLoginTest" name="mySQL_Test" time="9.804"/>
</testsuite> <!-- Home Page Data-Driven Test -->
