<?xml version="1.0" encoding="UTF-8"?>
<!-- Generated by org.testng.reporters.JUnitXMLReporter -->
<testsuite ignored="0" hostname="DESKTOP-UUGSSKP" failures="0" tests="6" name="Cart Page Test" time="0.009" errors="0" timestamp="2020-10-17T07:43:16 EDT">
  <testcase classname="test.AppiumFramework.CartTest" name="@BeforeClass initMethod" time="-1.602934996574E9">
    <skipped/>
  </testcase> <!-- @BeforeClass initMethod -->
  <testcase classname="test.AppiumFramework.CartTest" name="cartPage" time="0.0">
    <skipped/>
  </testcase> <!-- cartPage -->
  <testcase classname="test.AppiumFramework.CartTest" name="validateCartItems" time="0.0">
    <skipped/>
  </testcase> <!-- validateCartItems -->
  <testcase classname="test.AppiumFramework.CartTest" name="validateCartTotal" time="0.0">
    <skipped/>
  </testcase> <!-- validateCartTotal -->
  <testcase classname="test.AppiumFramework.CartTest" name="validateChkBox" time="0.0">
    <skipped/>
  </testcase> <!-- validateChkBox -->
  <testcase classname="test.AppiumFramework.CartTest" name="validateTC" time="0.0">
    <skipped/>
  </testcase> <!-- validateTC -->
  <testcase classname="test.AppiumFramework.CartTest" name="validatePurchaseBtn" time="0.0">
    <skipped/>
  </testcase> <!-- validatePurchaseBtn -->
</testsuite> <!-- Cart Page Test -->
