<?xml version="1.0" encoding="UTF-8"?>
<!-- Generated by org.testng.reporters.JUnitXMLReporter -->
<testsuite ignored="0" hostname="DESKTOP-UUGSSKP" failures="0" tests="5" name="Data-Driven Home Page Test" time="234.464" errors="0" timestamp="2020-10-17T06:06:49 EDT">
  <testcase classname="test.AppiumFramework.CustLoginTest" name="mySQL_Test" time="18.102"/>
  <testcase classname="test.AppiumFramework.CustLoginTest" name="mySQL_Test" time="21.121"/>
  <testcase classname="test.AppiumFramework.CustLoginTest" name="mySQL_Test" time="27.546"/>
  <testcase classname="test.AppiumFramework.CustLoginTest" name="mySQL_Test" time="144.114"/>
  <testcase classname="test.AppiumFramework.CustLoginTest" name="mySQL_Test" time="9.934"/>
</testsuite> <!-- Data-Driven Home Page Test -->
