<?xml version="1.0" encoding="UTF-8"?>
<!-- Generated by org.testng.reporters.JUnitXMLReporter -->
<testsuite ignored="0" hostname="DESKTOP-UUGSSKP" failures="0" tests="7" name="Home Page Test" time="0.035" errors="0" timestamp="2020-10-13T23:00:24 EDT">
  <testcase classname="test.AppiumFramework.HomeTest" name="@BeforeClass initMethod" time="-1.602644424033E9">
    <skipped/>
  </testcase> <!-- @BeforeClass initMethod -->
  <testcase classname="test.AppiumFramework.HomeTest" name="pageTitle" time="0.0">
    <skipped/>
  </testcase> <!-- pageTitle -->
  <testcase classname="test.AppiumFramework.HomeTest" name="dropdownLabel" time="0.0">
    <skipped/>
  </testcase> <!-- dropdownLabel -->
  <testcase classname="test.AppiumFramework.HomeTest" name="selectCountry" time="0.0">
    <skipped/>
  </testcase> <!-- selectCountry -->
  <testcase classname="test.AppiumFramework.HomeTest" name="nameField" time="0.0">
    <skipped/>
  </testcase> <!-- nameField -->
  <testcase classname="test.AppiumFramework.HomeTest" name="genderSelect" time="0.0">
    <skipped/>
  </testcase> <!-- genderSelect -->
  <testcase classname="test.AppiumFramework.HomeTest" name="toastMsg" time="0.0">
    <skipped/>
  </testcase> <!-- toastMsg -->
  <testcase classname="test.AppiumFramework.HomeTest" name="login" time="0.0">
    <skipped/>
  </testcase> <!-- login -->
</testsuite> <!-- Home Page Test -->
