<?xml version="1.0" encoding="UTF-8"?>
<!-- Generated by org.testng.reporters.JUnitXMLReporter -->
<testsuite ignored="0" hostname="DESKTOP-UUGSSKP" failures="0" tests="2" name="Hybrid App Test" time="0.006" errors="0" timestamp="2020-10-13T23:00:24 EDT">
  <testcase classname="test.AppiumFramework.HomeTest" name="@BeforeSuite setUp" time="0.727">
    <failure type="io.appium.java_client.service.local.InvalidServerInstanceException" message="The main Appium script does not exist at &amp;apos;C:\WINDOWS\system32\config\systemprofile\AppData\Roaming\npm\node_modules\appium\build\lib\main.js&amp;apos;">
      <![CDATA[io.appium.java_client.service.local.InvalidServerInstanceException: The main Appium script does not exist at 'C:\WINDOWS\system32\config\systemprofile\AppData\Roaming\npm\node_modules\appium\build\lib\main.js'
at io.appium.java_client.service.local.AppiumServiceBuilder.findMainScript(AppiumServiceBuilder.java:161)
at io.appium.java_client.service.local.AppiumServiceBuilder.loadPathToMainScript(AppiumServiceBuilder.java:300)
at io.appium.java_client.service.local.AppiumServiceBuilder.createArgs(AppiumServiceBuilder.java:381)
at org.openqa.selenium.remote.service.DriverService$Builder.build(DriverService.java:358)
at io.appium.java_client.service.local.AppiumDriverLocalService.buildService(AppiumDriverLocalService.java:87)
at test.AppiumFramework.AppTest.startServer(AppTest.java:64)
at test.AppiumFramework.HomeTest.setUp(HomeTest.java:20)
... Removed 23 stack frames]]>
    </failure>
  </testcase> <!-- @BeforeSuite setUp -->
  <testcase classname="test.AppiumFramework.HybridTest" name="webView" time="0.0">
    <skipped/>
  </testcase> <!-- webView -->
  <testcase classname="test.AppiumFramework.HybridTest" name="nativeAppView" time="0.0">
    <skipped/>
  </testcase> <!-- nativeAppView -->
</testsuite> <!-- Hybrid App Test -->
