<?xml version="1.0" encoding="UTF-8"?>
<!-- Generated by org.testng.reporters.JUnitXMLReporter -->
<testsuite ignored="0" hostname="DESKTOP-UUGSSKP" failures="0" tests="4" name="Products Page Test" time="0.006" errors="0" timestamp="2020-10-13T23:00:24 EDT">
  <testcase classname="test.AppiumFramework.ProductsTest" name="@BeforeClass initMethod" time="-1.602644424374E9">
    <skipped/>
  </testcase> <!-- @BeforeClass initMethod -->
  <testcase classname="test.AppiumFramework.ProductsTest" name="@AfterClass convertFromPriceList" time="-1.602644424378E9">
    <skipped/>
  </testcase> <!-- @AfterClass convertFromPriceList -->
  <testcase classname="test.AppiumFramework.ProductsTest" name="productsPage" time="0.0">
    <skipped/>
  </testcase> <!-- productsPage -->
  <testcase classname="test.AppiumFramework.ProductsTest" name="toastMsg" time="0.0">
    <skipped/>
  </testcase> <!-- toastMsg -->
  <testcase classname="test.AppiumFramework.ProductsTest" name="locateItems" time="0.0">
    <skipped/>
  </testcase> <!-- locateItems -->
  <testcase classname="test.AppiumFramework.ProductsTest" name="gotoCart" time="0.0">
    <skipped/>
  </testcase> <!-- gotoCart -->
</testsuite> <!-- Products Page Test -->
