<?xml version="1.0" encoding="UTF-8"?>
<testsuite xmlns:xsi="http://www.w3.org/2001/XMLSchema-instance" xsi:noNamespaceSchemaLocation="https://maven.apache.org/surefire/maven-surefire-plugin/xsd/surefire-test-report-3.0.xsd" version="3.0" name="TestSuite" time="110.767" tests="22" errors="0" skipped="0" failures="2">
  <properties>
[...]
</properties>
  <testcase name="pageTitle[General Store](1)" classname="test.AppiumFramework.HomeTest" time="3.486">
    <system-out><![CDATA[&amp#27;[35m[Appium]&amp#27;[39m Welcome to Appium v1.18.3
&amp#27;[35m[Appium]&amp#27;[39m Non-default server args:
&amp#27;[35m[Appium]&amp#27;[39m   chromedriverExecutable: C:\Selenium\ChromeDriver\v69\chromedriver.exe
&amp#27;[35m[Appium]&amp#27;[39m Appium REST http interface listener started on 0.0.0.0:4723
&amp#27;[35m[HTTP]&amp#27;[39m &amp#27;[37m-->&amp#27;[39m &amp#27;[37mGET&amp#27;[39m &amp#27;[37m/wd/hub/status&amp#27;[39m
&amp#27;[35m[HTTP]&amp#27;[39m &amp#27;[90m{}&amp#27;[39m
[debug] &amp#27;[35m[GENERIC]&amp#27;[39m Calling AppiumDriver.getStatus() with args: []
[debug] &amp#27;[35m[GENERIC]&amp#27;[39m Responding to client with driver.getStatus() result: {"build":{"version":"1.18.3"}}
&amp#27;[35m[HTTP]&amp#27;[39m &amp#27;[37m<-- GET /wd/hub/status &amp#27;[39m&amp#27;[32m200&amp#27;[39m &amp#27;[90m7 ms - 68&amp#27;[39m
&amp#27;[35m[HTTP]&amp#27;[39m &amp#27;[90m&amp#27;[39m
&amp#27;[35m[HTTP]&amp#27;[39m &amp#27;[37m-->&amp#27;[39m &amp#27;[37mPOST&amp#27;[39m &amp#27;[37m/wd/hub/session&amp#27;[39m
&amp#27;[35m[HTTP]&amp#27;[39m &amp#27;[90m{"desiredCapabilities":{"app":"C:\\Users\\Basement\\eclipse-workspace\\AppiumFramework\\src\\General-Store.apk","automationName":"uiautomator2","platformName":"Android","deviceName":"emulator-5554","newCommandTimeout":14},"capabilities":{"firstMatch":[{"appium:app":"C:\\Users\\Basement\\eclipse-workspace\\AppiumFramework\\src\\General-Store.apk","appium:automationName":"uiautomator2","appium:deviceName":"emulator-5554","appium:newCommandTimeout":14,"platformName":"android"}]}}&amp#27;[39m
[debug] &amp#27;[35m[W3C]&amp#27;[39m Calling AppiumDriver.createSession() with args: [{"app":"C:\\Users\\Basement\\eclipse-workspace\\AppiumFramework\\src\\General-Store.apk","automationName":"uiautomator2","platformName":"Android","deviceName":"emulator-5554","newCommandTimeout":14},null,{"firstMatch":[{"appium:app":"C:\\Users\\Basement\\eclipse-workspace\\AppiumFramework\\src\\General-Store.apk","appium:automationName":"uiautomator2","appium:deviceName":"emulator-5554","appium:newCommandTimeout":14,"platformName":"android"}]}]
[debug] &amp#27;[35m[BaseDriver]&amp#27;[39m Event 'newSessionRequested' logged at 1603097484375 (04:51:24 GMT-0400 (Eastern Daylight Time))
&amp#27;[35m[Appium]&amp#27;[39m Appium v1.18.3 creating new AndroidUiautomator2Driver (v1.56.1) session
[debug] &amp#27;[35m[BaseDriver]&amp#27;[39m W3C capabilities and MJSONWP desired capabilities were provided
[debug] &amp#27;[35m[BaseDriver]&amp#27;[39m Creating session with W3C capabilities: {
[debug] &amp#27;[35m[BaseDriver]&amp#27;[39m   "alwaysMatch": {
[debug] &amp#27;[35m[BaseDriver]&amp#27;[39m     "platformName": "android",
[debug] &amp#27;[35m[BaseDriver]&amp#27;[39m     "appium:app": "C:\\Users\\Basement\\eclipse-workspace\\AppiumFramework\\src\\General-Store.apk",
[debug] &amp#27;[35m[BaseDriver]&amp#27;[39m     "appium:automationName": "uiautomator2",
[debug] &amp#27;[35m[BaseDriver]&amp#27;[39m     "appium:deviceName": "emulator-5554",
[debug] &amp#27;[35m[BaseDriver]&amp#27;[39m     "appium:newCommandTimeout": 14
[debug] &amp#27;[35m[BaseDriver]&amp#27;[39m   },
[debug] &amp#27;[35m[BaseDriver]&amp#27;[39m   "firstMatch": [
[debug] &amp#27;[35m[BaseDriver]&amp#27;[39m     {}
[debug] &amp#27;[35m[BaseDriver]&amp#27;[39m   ]
[debug] &amp#27;[35m[BaseDriver]&amp#27;[39m }
&amp#27;[35m[BaseDriver]&amp#27;[39m Session created with session id: 17588393-9eac-4cd9-9399-d342c6384ea7
&amp#27;[35m[BaseDriver]&amp#27;[39m Using local app 'C:\Users\Basement\eclipse-workspace\AppiumFramework\src\General-Store.apk'
[debug] &amp#27;[35m[UiAutomator2]&amp#27;[39m Checking whether app is actually present
&amp#27;[35m[ADB]&amp#27;[39m Found 1 'build-tools' folders under 'B:\Android\sdk' (newest first):
&amp#27;[35m[ADB]&amp#27;[39m     B:/Android/sdk/build-tools/30.0.1
&amp#27;[35m[ADB]&amp#27;[39m Using 'adb.exe' from 'B:\Android\sdk\platform-tools\adb.exe'
[debug] &amp#27;[35m[ADB]&amp#27;[39m Running 'B:\Android\sdk\platform-tools\adb.exe -P 5037 start-server'
&amp#27;[35m[AndroidDriver]&amp#27;[39m Retrieving device list
[debug] &amp#27;[35m[ADB]&amp#27;[39m Trying to find a connected android device
[debug] &amp#27;[35m[ADB]&amp#27;[39m Getting connected devices
[debug] &amp#27;[35m[ADB]&amp#27;[39m Connected devices: [{"udid":"emulator-5554","state":"device"}]
&amp#27;[35m[AndroidDriver]&amp#27;[39m Using device: emulator-5554
&amp#27;[35m[ADB]&amp#27;[39m Using 'adb.exe' from 'B:\Android\sdk\platform-tools\adb.exe'
[debug] &amp#27;[35m[ADB]&amp#27;[39m Running 'B:\Android\sdk\platform-tools\adb.exe -P 5037 start-server'
[debug] &amp#27;[35m[ADB]&amp#27;[39m Setting device id to emulator-5554
[debug] &amp#27;[35m[ADB]&amp#27;[39m Running 'B:\Android\sdk\platform-tools\adb.exe -P 5037 -s emulator-5554 shell getprop ro.build.version.sdk'
[debug] &amp#27;[35m[ADB]&amp#27;[39m Current device property 'ro.build.version.sdk': 28
&amp#27;[35m[ADB]&amp#27;[39m Getting device platform version
[debug] &amp#27;[35m[ADB]&amp#27;[39m Running 'B:\Android\sdk\platform-tools\adb.exe -P 5037 -s emulator-5554 shell getprop ro.build.version.release'
[debug] &amp#27;[35m[ADB]&amp#27;[39m Current device property 'ro.build.version.release': 9
[debug] &amp#27;[35m[ADB]&amp#27;[39m Device API level: 28
&amp#27;[35m[UiAutomator2]&amp#27;[39m Relaxing hidden api policy
[debug] &amp#27;[35m[ADB]&amp#27;[39m Running 'B:\Android\sdk\platform-tools\adb.exe -P 5037 -s emulator-5554 shell 'settings put global hidden_api_policy_pre_p_apps 1;settings put global hidden_api_policy_p_apps 1;settings put global hidden_api_policy 1''
[debug] &amp#27;[35m[AndroidDriver]&amp#27;[39m Parsing package and activity from app manifest
&amp#27;[35m[ADB]&amp#27;[39m Package name: 'com.androidsample.generalstore'
&amp#27;[35m[ADB]&amp#27;[39m Main activity name: 'com.androidsample.generalstore.SplashActivity'
[debug] &amp#27;[35m[AndroidDriver]&amp#27;[39m Parsed package and activity are: com.androidsample.generalstore/com.androidsample.generalstore.SplashActivity
[debug] &amp#27;[35m[ADB]&amp#27;[39m Running 'B:\Android\sdk\platform-tools\adb.exe -P 5037 -s emulator-5554 wait-for-device'
[debug] &amp#27;[35m[ADB]&amp#27;[39m Running 'B:\Android\sdk\platform-tools\adb.exe -P 5037 -s emulator-5554 shell echo ping'
[debug] &amp#27;[35m[AndroidDriver]&amp#27;[39m Pushing settings apk to device...
[debug] &amp#27;[35m[ADB]&amp#27;[39m Getting install status for io.appium.settings
[debug] &amp#27;[35m[ADB]&amp#27;[39m Running 'B:\Android\sdk\platform-tools\adb.exe -P 5037 -s emulator-5554 shell dumpsys package io.appium.settings'
[debug] &amp#27;[35m[ADB]&amp#27;[39m 'io.appium.settings' is installed
[debug] &amp#27;[35m[ADB]&amp#27;[39m Getting package info for 'io.appium.settings'
[debug] &amp#27;[35m[ADB]&amp#27;[39m Running 'B:\Android\sdk\platform-tools\adb.exe -P 5037 -s emulator-5554 shell dumpsys package io.appium.settings'
[debug] &amp#27;[35m[ADB]&amp#27;[39m The version name of the installed 'io.appium.settings' is greater or equal to the application version name ('3.2.0' >= '3.2.0')
[debug] &amp#27;[35m[ADB]&amp#27;[39m There is no need to install/upgrade 'C:\Users\Basement\AppData\Roaming\npm\node_modules\appium\node_modules\io.appium.settings\apks\settings_apk-debug.apk'
[debug] &amp#27;[35m[ADB]&amp#27;[39m Getting IDs of all 'io.appium.settings' processes
[debug] &amp#27;[35m[ADB]&amp#27;[39m Running 'B:\Android\sdk\platform-tools\adb.exe -P 5037 -s emulator-5554 shell 'pgrep --help; echo $?''
[debug] &amp#27;[35m[ADB]&amp#27;[39m Running 'B:\Android\sdk\platform-tools\adb.exe -P 5037 -s emulator-5554 shell pgrep -f io\\.appium\\.settings'
[debug] &amp#27;[35m[AndroidDriver]&amp#27;[39m io.appium.settings is already running. There is no need to reset its permissions.
[debug] &amp#27;[35m[Logcat]&amp#27;[39m Starting logs capture with command: B:\\Android\\sdk\\platform-tools\\adb.exe -P 5037 -s emulator-5554 logcat -v threadtime
[debug] &amp#27;[35m[UiAutomator2]&amp#27;[39m Forwarding UiAutomator2 Server port 6790 to 8200
[debug] &amp#27;[35m[ADB]&amp#27;[39m Forwarding system: 8200 to device: 6790
[debug] &amp#27;[35m[ADB]&amp#27;[39m Running 'B:\Android\sdk\platform-tools\adb.exe -P 5037 -s emulator-5554 forward tcp\:8200 tcp\:6790'
[debug] &amp#27;[35m[ADB]&amp#27;[39m Getting install status for io.appium.uiautomator2.server
[debug] &amp#27;[35m[ADB]&amp#27;[39m Running 'B:\Android\sdk\platform-tools\adb.exe -P 5037 -s emulator-5554 shell dumpsys package io.appium.uiautomator2.server'
[debug] &amp#27;[35m[ADB]&amp#27;[39m 'io.appium.uiautomator2.server' is installed
[debug] &amp#27;[35m[ADB]&amp#27;[39m Getting package info for 'io.appium.uiautomator2.server'
[debug] &amp#27;[35m[ADB]&amp#27;[39m Running 'B:\Android\sdk\platform-tools\adb.exe -P 5037 -s emulator-5554 shell dumpsys package io.appium.uiautomator2.server'
[debug] &amp#27;[35m[ADB]&amp#27;[39m The version name of the installed 'io.appium.uiautomator2.server' is greater or equal to the application version name ('4.12.2' >= '4.12.2')
[debug] &amp#27;[35m[UiAutomator2]&amp#27;[39m io.appium.uiautomator2.server installation state: sameVersionInstalled
[debug] &amp#27;[35m[ADB]&amp#27;[39m Checking app cert for C:\Users\Basement\AppData\Roaming\npm\node_modules\appium\node_modules\appium-uiautomator2-server\apks\appium-uiautomator2-server-v4.12.2.apk
&amp#27;[35m[ADB]&amp#27;[39m Using 'apksigner.jar' from 'B:\Android\sdk\build-tools\30.0.1\lib\apksigner.jar'
[debug] &amp#27;[35m[ADB]&amp#27;[39m Starting apksigner: 'C:\\Program Files\\Java\\jdk-13.0.2\\bin\\java.exe' -Xmx1024M -Xss1m -jar B:\\Android\\sdk\\build-tools\\30.0.1\\lib\\apksigner.jar verify --print-certs C:\\Users\\Basement\\AppData\\Roaming\\npm\\node_modules\\appium\\node_modules\\appium-uiautomator2-server\\apks\\appium-uiautomator2-server-v4.12.2.apk
[debug] &amp#27;[35m[ADB]&amp#27;[39m apksigner stdout: Signer #1 certificate DN: EMAILADDRESS=android@android.com, CN=Android, OU=Android, O=Android, L=Mountain View, ST=California, C=US
[debug] &amp#27;[35m[ADB]&amp#27;[39m Signer #1 certificate SHA-256 digest: a40da80a59d170caa950cf15c18c454d47a39b26989d8b640ecd745ba71bf5dc
[debug] &amp#27;[35m[ADB]&amp#27;[39m Signer #1 certificate SHA-1 digest: 61ed377e85d386a8dfee6b864bd85b0bfaa5af81
[debug] &amp#27;[35m[ADB]&amp#27;[39m Signer #1 certificate MD5 digest: e89b158e4bcf988ebd09eb83f5378e87
[debug] &amp#27;[35m[ADB]&amp#27;[39m 
[debug] &amp#27;[35m[ADB]&amp#27;[39m 'C:\Users\Basement\AppData\Roaming\npm\node_modules\appium\node_modules\appium-uiautomator2-server\apks\appium-uiautomator2-server-v4.12.2.apk' is signed with the default certificate
[debug] &amp#27;[35m[ADB]&amp#27;[39m Getting install status for io.appium.uiautomator2.server.test
[debug] &amp#27;[35m[ADB]&amp#27;[39m Running 'B:\Android\sdk\platform-tools\adb.exe -P 5037 -s emulator-5554 shell dumpsys package io.appium.uiautomator2.server.test'
[debug] &amp#27;[35m[ADB]&amp#27;[39m 'io.appium.uiautomator2.server.test' is installed
[debug] &amp#27;[35m[ADB]&amp#27;[39m Checking app cert for C:\Users\Basement\AppData\Roaming\npm\node_modules\appium\node_modules\appium-uiautomator2-server\apks\appium-uiautomator2-server-debug-androidTest.apk
[debug] &amp#27;[35m[ADB]&amp#27;[39m Starting apksigner: 'C:\\Program Files\\Java\\jdk-13.0.2\\bin\\java.exe' -Xmx1024M -Xss1m -jar B:\\Android\\sdk\\build-tools\\30.0.1\\lib\\apksigner.jar verify --print-certs C:\\Users\\Basement\\AppData\\Roaming\\npm\\node_modules\\appium\\node_modules\\appium-uiautomator2-server\\apks\\appium-uiautomator2-server-debug-androidTest.apk
[debug] &amp#27;[35m[ADB]&amp#27;[39m apksigner stdout: Signer #1 certificate DN: EMAILADDRESS=android@android.com, CN=Android, OU=Android, O=Android, L=Mountain View, ST=California, C=US
[debug] &amp#27;[35m[ADB]&amp#27;[39m Signer #1 certificate SHA-256 digest: a40da80a59d170caa950cf15c18c454d47a39b26989d8b640ecd745ba71bf5dc
[debug] &amp#27;[35m[ADB]&amp#27;[39m Signer #1 certificate SHA-1 digest: 61ed377e85d386a8dfee6b864bd85b0bfaa5af81
[debug] &amp#27;[35m[ADB]&amp#27;[39m Signer #1 certificate MD5 digest: e89b158e4bcf988ebd09eb83f5378e87
[debug] &amp#27;[35m[ADB]&amp#27;[39m 
[debug] &amp#27;[35m[ADB]&amp#27;[39m 'C:\Users\Basement\AppData\Roaming\npm\node_modules\appium\node_modules\appium-uiautomator2-server\apks\appium-uiautomator2-server-debug-androidTest.apk' is signed with the default certificate
&amp#27;[35m[UiAutomator2]&amp#27;[39m Server packages are not going to be (re)installed
[debug] &amp#27;[35m[UiAutomator2]&amp#27;[39m Waiting up to 30000ms for services to be available
[debug] &amp#27;[35m[ADB]&amp#27;[39m Running 'B:\Android\sdk\platform-tools\adb.exe -P 5037 -s emulator-5554 shell pm list instrumentation'
[debug] &amp#27;[35m[UiAutomator2]&amp#27;[39m Instrumentation target 'io.appium.uiautomator2.server.test/androidx.test.runner.AndroidJUnitRunner' is available
[debug] &amp#27;[35m[ADB]&amp#27;[39m Checking app cert for C:\Users\Basement\eclipse-workspace\AppiumFramework\src\General-Store.apk
[debug] &amp#27;[35m[ADB]&amp#27;[39m Starting apksigner: 'C:\\Program Files\\Java\\jdk-13.0.2\\bin\\java.exe' -Xmx1024M -Xss1m -jar B:\\Android\\sdk\\build-tools\\30.0.1\\lib\\apksigner.jar verify --print-certs C:\\Users\\Basement\\eclipse-workspace\\AppiumFramework\\src\\General-Store.apk
[debug] &amp#27;[35m[ADB]&amp#27;[39m apksigner stdout: Signer #1 certificate DN: EMAILADDRESS=android@android.com, CN=Android, OU=Android, O=Android, L=Mountain View, ST=California, C=US
[debug] &amp#27;[35m[ADB]&amp#27;[39m Signer #1 certificate SHA-256 digest: a40da80a59d170caa950cf15c18c454d47a39b26989d8b640ecd745ba71bf5dc
[debug] &amp#27;[35m[ADB]&amp#27;[39m Signer #1 certificate SHA-1 digest: 61ed377e85d386a8dfee6b864bd85b0bfaa5af81
[debug] &amp#27;[35m[ADB]&amp#27;[39m Signer #1 certificate MD5 digest: e89b158e4bcf988ebd09eb83f5378e87
[debug] &amp#27;[35m[ADB]&amp#27;[39m 
[debug] &amp#27;[35m[ADB]&amp#27;[39m 'C:\Users\Basement\eclipse-workspace\AppiumFramework\src\General-Store.apk' is signed with the default certificate
[debug] &amp#27;[35m[ADB]&amp#27;[39m Getting install status for com.androidsample.generalstore
[debug] &amp#27;[35m[ADB]&amp#27;[39m Running 'B:\Android\sdk\platform-tools\adb.exe -P 5037 -s emulator-5554 shell dumpsys package com.androidsample.generalstore'
[debug] &amp#27;[35m[ADB]&amp#27;[39m 'com.androidsample.generalstore' is installed
[debug] &amp#27;[35m[ADB]&amp#27;[39m Getting package info for 'com.androidsample.generalstore'
[debug] &amp#27;[35m[ADB]&amp#27;[39m Running 'B:\Android\sdk\platform-tools\adb.exe -P 5037 -s emulator-5554 shell dumpsys package com.androidsample.generalstore'
[debug] &amp#27;[35m[ADB]&amp#27;[39m The version name of the installed 'com.androidsample.generalstore' is greater or equal to the application version name ('1.0.0' >= '1.0.0')
[debug] &amp#27;[35m[ADB]&amp#27;[39m There is no need to install/upgrade 'C:\Users\Basement\eclipse-workspace\AppiumFramework\src\General-Store.apk'
&amp#27;[35m[AndroidDriver]&amp#27;[39m Performing fast reset on 'com.androidsample.generalstore'
[debug] &amp#27;[35m[ADB]&amp#27;[39m Getting install status for com.androidsample.generalstore
[debug] &amp#27;[35m[ADB]&amp#27;[39m Running 'B:\Android\sdk\platform-tools\adb.exe -P 5037 -s emulator-5554 shell dumpsys package com.androidsample.generalstore'
[debug] &amp#27;[35m[ADB]&amp#27;[39m 'com.androidsample.generalstore' is installed
[debug] &amp#27;[35m[ADB]&amp#27;[39m Running 'B:\Android\sdk\platform-tools\adb.exe -P 5037 -s emulator-5554 shell am force-stop com.androidsample.generalstore'
[debug] &amp#27;[35m[ADB]&amp#27;[39m Running 'B:\Android\sdk\platform-tools\adb.exe -P 5037 -s emulator-5554 shell pm clear com.androidsample.generalstore'
[debug] &amp#27;[35m[AndroidDriver]&amp#27;[39m Performed fast reset on the installed 'com.androidsample.generalstore' application (stop and clear)
[debug] &amp#27;[35m[UiAutomator2]&amp#27;[39m Performing shallow cleanup of automation leftovers
[debug] &amp#27;[35m[UiAutomator2]&amp#27;[39m The following obsolete sessions are still running: [null]
[debug] &amp#27;[35m[UiAutomator2]&amp#27;[39m Cleaning up the obsolete sessions
[debug] &amp#27;[35m[ADB]&amp#27;[39m Running 'B:\Android\sdk\platform-tools\adb.exe -P 5037 -s emulator-5554 shell am force-stop io.appium.uiautomator2.server.test'
&amp#27;[35m[UiAutomator2]&amp#27;[39m Starting UIAutomator2 server 4.12.2
&amp#27;[35m[UiAutomator2]&amp#27;[39m Using UIAutomator2 server from 'C:\Users\Basement\AppData\Roaming\npm\node_modules\appium\node_modules\appium-uiautomator2-server\apks\appium-uiautomator2-server-v4.12.2.apk' and test from 'C:\Users\Basement\AppData\Roaming\npm\node_modules\appium\node_modules\appium-uiautomator2-server\apks\appium-uiautomator2-server-debug-androidTest.apk'
&amp#27;[35m[UiAutomator2]&amp#27;[39m Waiting up to 30000ms for UiAutomator2 to be online...
[debug] &amp#27;[35m[ADB]&amp#27;[39m Creating ADB subprocess with args: ["-P",5037,"-s","emulator-5554","shell","am","instrument","-w","io.appium.uiautomator2.server.test/androidx.test.runner.AndroidJUnitRunner"]
[debug] &amp#27;[35m[Instrumentation]&amp#27;[39m io.appium.uiautomator2.server.test.AppiumUiAutomator2Server:
[debug] &amp#27;[35m[WD Proxy]&amp#27;[39m Matched '/status' to command name 'getStatus'
[debug] &amp#27;[35m[WD Proxy]&amp#27;[39m Proxying [GET /status] to [GET http://127.0.0.1:8200/wd/hub/status] with no body
&amp#27;[35m[WD Proxy]&amp#27;[39m socket hang up
[debug] &amp#27;[35m[WD Proxy]&amp#27;[39m Matched '/status' to command name 'getStatus'
[debug] &amp#27;[35m[WD Proxy]&amp#27;[39m Proxying [GET /status] to [GET http://127.0.0.1:8200/wd/hub/status] with no body
[debug] &amp#27;[35m[WD Proxy]&amp#27;[39m Got response with status 200: {"sessionId":"None","value":{"message":"UiAutomator2 Server is ready to accept commands","ready":true}}
[debug] &amp#27;[35m[UiAutomator2]&amp#27;[39m The initialization of the instrumentation process took 2112ms
[debug] &amp#27;[35m[WD Proxy]&amp#27;[39m Matched '/session' to command name 'createSession'
[debug] &amp#27;[35m[WD Proxy]&amp#27;[39m Proxying [POST /session] to [POST http://127.0.0.1:8200/wd/hub/session] with body: {"capabilities":{"firstMatch":[{"platform":"LINUX","webStorageEnabled":false,"takesScreenshot":true,"javascriptEnabled":true,"databaseEnabled":false,"networkConnectionEnabled":true,"locationContextEnabled":false,"warnings":{},"desired":{"platformName":"android","app":"C:\\Users\\Basement\\eclipse-workspace\\AppiumFramework\\src\\General-Store.apk","automationName":"uiautomator2","deviceName":"emulator-5554","newCommandTimeout":14},"platformName":"android","app":"C:\\Users\\Basement\\eclipse-workspace\\AppiumFramework\\src\\General-Store.apk","automationName":"uiautomator2","deviceName":"emulator-5554","newCommandTimeout":14,"deviceUDID":"emulator-5554","appPackage":"com.androidsample.generalstore"}],"alwaysMatch":{}}}
[debug] &amp#27;[35m[WD Proxy]&amp#27;[39m Got response with status 200: {"sessionId":"91bae3ee-22d3-4f66-983f-d2a440c0f1db","value":{"capabilities":{"firstMatch":[{"platform":"LINUX","webStorageEnabled":false,"takesScreenshot":true,"javascriptEnabled":true,"databaseEnabled":false,"networkConnectionEnabled":true,"locationContextEnabled":false,"warnings":{},"desired":{"platformName":"android","app":"C:\\Users\\Basement\\eclipse-workspace\\AppiumFramework\\src\\General-Store.apk","automationName":"uiautomator2","deviceName":"emulator-5554","newCommandTimeout":14},"platformName":"android","app":"C:\\Users\\Basement\\eclipse-workspace\\AppiumFramework\\src\\General-Store.apk","automationName":"uiautomator2","deviceName":"emulator-5554","newCommandTimeout":14,"deviceUDID":"emulator-5554","appPackage":"com.androidsample.generalstore"}],"alwaysMatch":{}},"sessionId":"91bae3ee-22d3-4f66-983f-d2a440c0f1db"}}
&amp#27;[35m[WD Proxy]&amp#27;[39m Determined the downstream protocol as 'W3C'
[debug] &amp#27;[35m[WD Proxy]&amp#27;[39m Proxying [GET /appium/device/info] to [GET http://127.0.0.1:8200/wd/hub/session/91bae3ee-22d3-4f66-983f-d2a440c0f1db/appium/device/info] with no body
[debug] &amp#27;[35m[WD Proxy]&amp#27;[39m Got response with status 200: {"sessionId":"91bae3ee-22d3-4f66-983f-d2a440c0f1db","value":{"androidId":"b1d22995bbee6676","apiVersion":"28","bluetooth":null,"brand":"google","carrierName":"Android","displayDensity":420,"locale":"en_US","manufacturer":"Google","model":"AOSP on IA Emulator","networks":[{"capabilities":{"SSID":null,"linkDownBandwidthKbps":102400,"linkUpstreamBandwidthKbps":51200,"networkCapabilities":"NET_CAPABILITY_MMS,NET_CAPABILITY_SUPL,NET_CAPABILITY_DUN,NET_CAPABILITY_FOTA,NET_CAPABILITY_IMS,NET_CAPABILITY_CBS,NET_CAPABILITY_IA,NET_CAPABILITY_INTERNET,NET_CAPABILITY_NOT_RESTRICTED,NET_CAPABILITY_TRUSTED,NET_CAPABILITY_NOT_VPN,NET_CAPABILITY_VALIDATED,NET_CAPABILITY_NOT_ROAMING,NET_CAPABILITY_NOT_CONGESTED,NET_CAPABILITY_NOT_SUSPENDED","signalStrength":-2147483648,"transportTypes":"TRANSPORT_CELLULAR"},"detailedState":"CONNECTED","extraInfo":"epc.tmobile.com","isAvailable":true,"isConnected":true,"isFailover":false,"isRoaming":false,"state":"CONNECTED","subtype":13,"subtypeName":"LTE","type":0,"typeName":"MOBILE"},{"c...
[debug] &amp#27;[35m[ADB]&amp#27;[39m Running 'B:\Android\sdk\platform-tools\adb.exe -P 5037 -s emulator-5554 shell dumpsys window'
&amp#27;[35m[AndroidDriver]&amp#27;[39m Screen already unlocked, doing nothing
&amp#27;[35m[UiAutomator2]&amp#27;[39m Starting 'com.androidsample.generalstore/com.androidsample.generalstore.SplashActivity and waiting for 'com.androidsample.generalstore/com.androidsample.generalstore.SplashActivity'
[debug] &amp#27;[35m[ADB]&amp#27;[39m Running 'B:\Android\sdk\platform-tools\adb.exe -P 5037 -s emulator-5554 shell am start -W -n com.androidsample.generalstore/com.androidsample.generalstore.SplashActivity -S -a android.intent.action.MAIN -c android.intent.category.LAUNCHER -f 0x10200000'
[debug] &amp#27;[35m[ADB]&amp#27;[39m Waiting up to 20000ms for activity matching pkg: 'com.androidsample.generalstore' and activity: 'com.androidsample.generalstore.SplashActivity' to be focused
[debug] &amp#27;[35m[ADB]&amp#27;[39m Possible activities, to be checked: 'com.androidsample.generalstore.SplashActivity', 'com.androidsample.generalstore.com.androidsample.generalstore.SplashActivity'
[debug] &amp#27;[35m[ADB]&amp#27;[39m Getting focused package and activity
[debug] &amp#27;[35m[ADB]&amp#27;[39m Running 'B:\Android\sdk\platform-tools\adb.exe -P 5037 -s emulator-5554 shell dumpsys window windows'
[debug] &amp#27;[35m[ADB]&amp#27;[39m Found package: 'com.androidsample.generalstore' and fully qualified activity name : 'com.androidsample.generalstore.SplashActivity'
[debug] &amp#27;[35m[WD Proxy]&amp#27;[39m Proxying [GET /appium/device/pixel_ratio] to [GET http://127.0.0.1:8200/wd/hub/session/91bae3ee-22d3-4f66-983f-d2a440c0f1db/appium/device/pixel_ratio] with no body
[debug] &amp#27;[35m[WD Proxy]&amp#27;[39m Got response with status 200: {"sessionId":"91bae3ee-22d3-4f66-983f-d2a440c0f1db","value":2.625}
[debug] &amp#27;[35m[WD Proxy]&amp#27;[39m Matched '/appium/device/system_bars' to command name 'getSystemBars'
[debug] &amp#27;[35m[WD Proxy]&amp#27;[39m Proxying [GET /appium/device/system_bars] to [GET http://127.0.0.1:8200/wd/hub/session/91bae3ee-22d3-4f66-983f-d2a440c0f1db/appium/device/system_bars] with no body
[debug] &amp#27;[35m[WD Proxy]&amp#27;[39m Got response with status 200: {"sessionId":"91bae3ee-22d3-4f66-983f-d2a440c0f1db","value":{"statusBar":63}}
[debug] &amp#27;[35m[WD Proxy]&amp#27;[39m Matched '/window/current/size' to command name 'getWindowSize'
[debug] &amp#27;[35m[WD Proxy]&amp#27;[39m Proxying [GET /window/current/size] to [GET http://127.0.0.1:8200/wd/hub/session/91bae3ee-22d3-4f66-983f-d2a440c0f1db/window/current/size] with no body
[debug] &amp#27;[35m[WD Proxy]&amp#27;[39m Got response with status 200: {"sessionId":"91bae3ee-22d3-4f66-983f-d2a440c0f1db","value":{"height":1794,"width":1080}}
&amp#27;[35m[Appium]&amp#27;[39m New AndroidUiautomator2Driver session created successfully, session 17588393-9eac-4cd9-9399-d342c6384ea7 added to master session list
[debug] &amp#27;[35m[BaseDriver]&amp#27;[39m Event 'newSessionStarted' logged at 1603097491594 (04:51:31 GMT-0400 (Eastern Daylight Time))
[debug] &amp#27;[35m[W3C (17588393)]&amp#27;[39m Cached the protocol value 'W3C' for the new session 17588393-9eac-4cd9-9399-d342c6384ea7
[debug] &amp#27;[35m[W3C (17588393)]&amp#27;[39m Responding to client with driver.createSession() result: {"capabilities":{"platform":"LINUX","webStorageEnabled":false,"takesScreenshot":true,"javascriptEnabled":true,"databaseEnabled":false,"networkConnectionEnabled":true,"locationContextEnabled":false,"warnings":{},"desired":{"platformName":"android","app":"C:\\Users\\Basement\\eclipse-workspace\\AppiumFramework\\src\\General-Store.apk","automationName":"uiautomator2","deviceName":"emulator-5554","newCommandTimeout":14},"platformName":"android","app":"C:\\Users\\Basement\\eclipse-workspace\\AppiumFramework\\src\\General-Store.apk","automationName":"uiautomator2","deviceName":"emulator-5554","newCommandTimeout":14,"deviceUDID":"emulator-5554","appPackage":"com.androidsample.generalstore","deviceApiLevel":28,"platformVersion":"9","deviceScreenSize":"1080x1920","deviceScreenDensity":420,"deviceModel":"AOSP on IA Emulator","deviceManufacturer":"Google","pixelRatio":2.625,"statBarHeight":63,"viewportRect":{"left":0,"top":63,"width":1080,"height":1731}}}
&amp#27;[35m[HTTP]&amp#27;[39m &amp#27;[37m<-- POST /wd/hub/session &amp#27;[39m&amp#27;[32m200&amp#27;[39m &amp#27;[90m7222 ms - 1019&amp#27;[39m
&amp#27;[35m[HTTP]&amp#27;[39m &amp#27;[90m&amp#27;[39m
&amp#27;[35m[HTTP]&amp#27;[39m &amp#27;[37m-->&amp#27;[39m &amp#27;[37mPOST&amp#27;[39m &amp#27;[37m/wd/hub/session/17588393-9eac-4cd9-9399-d342c6384ea7/timeouts&amp#27;[39m
&amp#27;[35m[HTTP]&amp#27;[39m &amp#27;[90m{"implicit":10000}&amp#27;[39m
[debug] &amp#27;[35m[W3C (17588393)]&amp#27;[39m Calling AppiumDriver.timeouts() with args: [null,null,null,null,10000,"17588393-9eac-4cd9-9399-d342c6384ea7"]
[debug] &amp#27;[35m[BaseDriver]&amp#27;[39m W3C timeout argument: {"implicit":10000}}
[debug] &amp#27;[35m[BaseDriver]&amp#27;[39m Set implicit wait to 10000ms
[debug] &amp#27;[35m[W3C (17588393)]&amp#27;[39m Responding to client with driver.timeouts() result: null
&amp#27;[35m[HTTP]&amp#27;[39m &amp#27;[37m<-- POST /wd/hub/session/17588393-9eac-4cd9-9399-d342c6384ea7/timeouts &amp#27;[39m&amp#27;[32m200&amp#27;[39m &amp#27;[90m4 ms - 14&amp#27;[39m
&amp#27;[35m[HTTP]&amp#27;[39m &amp#27;[90m&amp#27;[39m
&amp#27;[35m[HTTP]&amp#27;[39m &amp#27;[37m-->&amp#27;[39m &amp#27;[37mGET&amp#27;[39m &amp#27;[37m/wd/hub/session/17588393-9eac-4cd9-9399-d342c6384ea7/context&amp#27;[39m
&amp#27;[35m[HTTP]&amp#27;[39m &amp#27;[90m{}&amp#27;[39m
[debug] &amp#27;[35m[W3C (17588393)]&amp#27;[39m Calling AppiumDriver.getCurrentContext() with args: ["17588393-9eac-4cd9-9399-d342c6384ea7"]
[debug] &amp#27;[35m[W3C (17588393)]&amp#27;[39m Responding to client with driver.getCurrentContext() result: "NATIVE_APP"
&amp#27;[35m[HTTP]&amp#27;[39m &amp#27;[37m<-- GET /wd/hub/session/17588393-9eac-4cd9-9399-d342c6384ea7/context &amp#27;[39m&amp#27;[32m200&amp#27;[39m &amp#27;[90m10 ms - 22&amp#27;[39m
&amp#27;[35m[HTTP]&amp#27;[39m &amp#27;[90m&amp#27;[39m
&amp#27;[35m[HTTP]&amp#27;[39m &amp#27;[37m-->&amp#27;[39m &amp#27;[37mPOST&amp#27;[39m &amp#27;[37m/wd/hub/session/17588393-9eac-4cd9-9399-d342c6384ea7/element&amp#27;[39m
&amp#27;[35m[HTTP]&amp#27;[39m &amp#27;[90m{"using":"id","value":"com.androidsample.generalstore:id/toolbar_title"}&amp#27;[39m
[debug] &amp#27;[35m[W3C (17588393)]&amp#27;[39m Calling AppiumDriver.findElement() with args: ["id","com.androidsample.generalstore:id/toolbar_title","17588393-9eac-4cd9-9399-d342c6384ea7"]
[debug] &amp#27;[35m[BaseDriver]&amp#27;[39m Valid locator strategies for this request: xpath, id, class name, accessibility id, -android uiautomator
[debug] &amp#27;[35m[BaseDriver]&amp#27;[39m Waiting up to 10000 ms for condition
[debug] &amp#27;[35m[WD Proxy]&amp#27;[39m Matched '/element' to command name 'findElement'
[debug] &amp#27;[35m[WD Proxy]&amp#27;[39m Proxying [POST /element] to [POST http://127.0.0.1:8200/wd/hub/session/91bae3ee-22d3-4f66-983f-d2a440c0f1db/element] with body: {"strategy":"id","selector":"com.androidsample.generalstore:id/toolbar_title","context":"","multiple":false}
&amp#27;[35m[WD Proxy]&amp#27;[39m Got response with status 404: {"sessionId":"91bae3ee-22d3-4f66-983f-d2a440c0f1db","value":{"error":"no such element","message":"An element could not be located on the page using the given search parameters","stacktrace":"io.appium.uiautomator2.common.exceptions.ElementNotFoundException: An element could not be located on the page using the given search parameters\n\tat io.appium.uiautomator2.handler.FindElement.safeHandle(FindElement.java:73)\n\tat io.appium.uiautomator2.handler.request.SafeRequestHandler.handle(SafeRequestHandler.java:41)\n\tat io.appium.uiautomator2.server.AppiumServlet.handleRequest(AppiumServlet.java:253)\n\tat io.appium.uiautomator2.server.AppiumServlet.handleHttpRequest(AppiumServlet.java:247)\n\tat io.appium.uiautomator2.http.ServerHandler.channelRead(ServerHandler.java:68)\n\tat io.netty.channel.AbstractChannelHandlerContext.invokeChannelRead(AbstractChannelHandlerContext.java:366)\n\tat io.netty.channel.AbstractChannelHandlerContext.invokeChannelRead(AbstractChannelHandlerContext.java:352)\n\tat io.netty.chann...
[debug] &amp#27;[35m[W3C]&amp#27;[39m Matched W3C error code 'no such element' to NoSuchElementError
[debug] &amp#27;[35m[BaseDriver]&amp#27;[39m Waited for 499 ms so far
[debug] &amp#27;[35m[WD Proxy]&amp#27;[39m Matched '/element' to command name 'findElement'
[debug] &amp#27;[35m[WD Proxy]&amp#27;[39m Proxying [POST /element] to [POST http://127.0.0.1:8200/wd/hub/session/91bae3ee-22d3-4f66-983f-d2a440c0f1db/element] with body: {"strategy":"id","selector":"com.androidsample.generalstore:id/toolbar_title","context":"","multiple":false}
&amp#27;[35m[WD Proxy]&amp#27;[39m Got response with status 404: {"sessionId":"91bae3ee-22d3-4f66-983f-d2a440c0f1db","value":{"error":"no such element","message":"An element could not be located on the page using the given search parameters","stacktrace":"io.appium.uiautomator2.common.exceptions.ElementNotFoundException: An element could not be located on the page using the given search parameters\n\tat io.appium.uiautomator2.handler.FindElement.safeHandle(FindElement.java:73)\n\tat io.appium.uiautomator2.handler.request.SafeRequestHandler.handle(SafeRequestHandler.java:41)\n\tat io.appium.uiautomator2.server.AppiumServlet.handleRequest(AppiumServlet.java:253)\n\tat io.appium.uiautomator2.server.AppiumServlet.handleHttpRequest(AppiumServlet.java:247)\n\tat io.appium.uiautomator2.http.ServerHandler.channelRead(ServerHandler.java:68)\n\tat io.netty.channel.AbstractChannelHandlerContext.invokeChannelRead(AbstractChannelHandlerContext.java:366)\n\tat io.netty.channel.AbstractChannelHandlerContext.invokeChannelRead(AbstractChannelHandlerContext.java:352)\n\tat io.netty.chann...
[debug] &amp#27;[35m[W3C]&amp#27;[39m Matched W3C error code 'no such element' to NoSuchElementError
[debug] &amp#27;[35m[BaseDriver]&amp#27;[39m Waited for 1023 ms so far
[debug] &amp#27;[35m[WD Proxy]&amp#27;[39m Matched '/element' to command name 'findElement'
[debug] &amp#27;[35m[WD Proxy]&amp#27;[39m Proxying [POST /element] to [POST http://127.0.0.1:8200/wd/hub/session/91bae3ee-22d3-4f66-983f-d2a440c0f1db/element] with body: {"strategy":"id","selector":"com.androidsample.generalstore:id/toolbar_title","context":"","multiple":false}
&amp#27;[35m[WD Proxy]&amp#27;[39m Got response with status 404: {"sessionId":"91bae3ee-22d3-4f66-983f-d2a440c0f1db","value":{"error":"no such element","message":"An element could not be located on the page using the given search parameters","stacktrace":"io.appium.uiautomator2.common.exceptions.ElementNotFoundException: An element could not be located on the page using the given search parameters\n\tat io.appium.uiautomator2.handler.FindElement.safeHandle(FindElement.java:73)\n\tat io.appium.uiautomator2.handler.request.SafeRequestHandler.handle(SafeRequestHandler.java:41)\n\tat io.appium.uiautomator2.server.AppiumServlet.handleRequest(AppiumServlet.java:253)\n\tat io.appium.uiautomator2.server.AppiumServlet.handleHttpRequest(AppiumServlet.java:247)\n\tat io.appium.uiautomator2.http.ServerHandler.channelRead(ServerHandler.java:68)\n\tat io.netty.channel.AbstractChannelHandlerContext.invokeChannelRead(AbstractChannelHandlerContext.java:366)\n\tat io.netty.channel.AbstractChannelHandlerContext.invokeChannelRead(AbstractChannelHandlerContext.java:352)\n\tat io.netty.chann...
[debug] &amp#27;[35m[W3C]&amp#27;[39m Matched W3C error code 'no such element' to NoSuchElementError
[debug] &amp#27;[35m[BaseDriver]&amp#27;[39m Waited for 1555 ms so far
[debug] &amp#27;[35m[WD Proxy]&amp#27;[39m Matched '/element' to command name 'findElement'
[debug] &amp#27;[35m[WD Proxy]&amp#27;[39m Proxying [POST /element] to [POST http://127.0.0.1:8200/wd/hub/session/91bae3ee-22d3-4f66-983f-d2a440c0f1db/element] with body: {"strategy":"id","selector":"com.androidsample.generalstore:id/toolbar_title","context":"","multiple":false}
&amp#27;[35m[WD Proxy]&amp#27;[39m Got response with status 404: {"sessionId":"91bae3ee-22d3-4f66-983f-d2a440c0f1db","value":{"error":"no such element","message":"An element could not be located on the page using the given search parameters","stacktrace":"io.appium.uiautomator2.common.exceptions.ElementNotFoundException: An element could not be located on the page using the given search parameters\n\tat io.appium.uiautomator2.handler.FindElement.safeHandle(FindElement.java:73)\n\tat io.appium.uiautomator2.handler.request.SafeRequestHandler.handle(SafeRequestHandler.java:41)\n\tat io.appium.uiautomator2.server.AppiumServlet.handleRequest(AppiumServlet.java:253)\n\tat io.appium.uiautomator2.server.AppiumServlet.handleHttpRequest(AppiumServlet.java:247)\n\tat io.appium.uiautomator2.http.ServerHandler.channelRead(ServerHandler.java:68)\n\tat io.netty.channel.AbstractChannelHandlerContext.invokeChannelRead(AbstractChannelHandlerContext.java:366)\n\tat io.netty.channel.AbstractChannelHandlerContext.invokeChannelRead(AbstractChannelHandlerContext.java:352)\n\tat io.netty.chann...
[debug] &amp#27;[35m[W3C]&amp#27;[39m Matched W3C error code 'no such element' to NoSuchElementError
[debug] &amp#27;[35m[BaseDriver]&amp#27;[39m Waited for 2077 ms so far
[debug] &amp#27;[35m[WD Proxy]&amp#27;[39m Matched '/element' to command name 'findElement'
[debug] &amp#27;[35m[WD Proxy]&amp#27;[39m Proxying [POST /element] to [POST http://127.0.0.1:8200/wd/hub/session/91bae3ee-22d3-4f66-983f-d2a440c0f1db/element] with body: {"strategy":"id","selector":"com.androidsample.generalstore:id/toolbar_title","context":"","multiple":false}
&amp#27;[35m[WD Proxy]&amp#27;[39m Got response with status 404: {"sessionId":"91bae3ee-22d3-4f66-983f-d2a440c0f1db","value":{"error":"no such element","message":"An element could not be located on the page using the given search parameters","stacktrace":"io.appium.uiautomator2.common.exceptions.ElementNotFoundException: An element could not be located on the page using the given search parameters\n\tat io.appium.uiautomator2.handler.FindElement.safeHandle(FindElement.java:73)\n\tat io.appium.uiautomator2.handler.request.SafeRequestHandler.handle(SafeRequestHandler.java:41)\n\tat io.appium.uiautomator2.server.AppiumServlet.handleRequest(AppiumServlet.java:253)\n\tat io.appium.uiautomator2.server.AppiumServlet.handleHttpRequest(AppiumServlet.java:247)\n\tat io.appium.uiautomator2.http.ServerHandler.channelRead(ServerHandler.java:68)\n\tat io.netty.channel.AbstractChannelHandlerContext.invokeChannelRead(AbstractChannelHandlerContext.java:366)\n\tat io.netty.channel.AbstractChannelHandlerContext.invokeChannelRead(AbstractChannelHandlerContext.java:352)\n\tat io.netty.chann...
[debug] &amp#27;[35m[W3C]&amp#27;[39m Matched W3C error code 'no such element' to NoSuchElementError
[debug] &amp#27;[35m[BaseDriver]&amp#27;[39m Waited for 2688 ms so far
[debug] &amp#27;[35m[WD Proxy]&amp#27;[39m Matched '/element' to command name 'findElement'
[debug] &amp#27;[35m[WD Proxy]&amp#27;[39m Proxying [POST /element] to [POST http://127.0.0.1:8200/wd/hub/session/91bae3ee-22d3-4f66-983f-d2a440c0f1db/element] with body: {"strategy":"id","selector":"com.androidsample.generalstore:id/toolbar_title","context":"","multiple":false}
[debug] &amp#27;[35m[WD Proxy]&amp#27;[39m Got response with status 200: {"sessionId":"91bae3ee-22d3-4f66-983f-d2a440c0f1db","value":{"ELEMENT":"b1a74341-8dd5-4729-af51-7ccbee906760","element-6066-11e4-a52e-4f735466cecf":"b1a74341-8dd5-4729-af51-7ccbee906760"}}
[debug] &amp#27;[35m[W3C (17588393)]&amp#27;[39m Responding to client with driver.findElement() result: {"element-6066-11e4-a52e-4f735466cecf":"b1a74341-8dd5-4729-af51-7ccbee906760","ELEMENT":"b1a74341-8dd5-4729-af51-7ccbee906760"}
&amp#27;[35m[HTTP]&amp#27;[39m &amp#27;[37m<-- POST /wd/hub/session/17588393-9eac-4cd9-9399-d342c6384ea7/element &amp#27;[39m&amp#27;[32m200&amp#27;[39m &amp#27;[90m3411 ms - 137&amp#27;[39m
&amp#27;[35m[HTTP]&amp#27;[39m &amp#27;[90m&amp#27;[39m
&amp#27;[35m[HTTP]&amp#27;[39m &amp#27;[37m-->&amp#27;[39m &amp#27;[37mGET&amp#27;[39m &amp#27;[37m/wd/hub/session/17588393-9eac-4cd9-9399-d342c6384ea7/element/b1a74341-8dd5-4729-af51-7ccbee906760/text&amp#27;[39m
&amp#27;[35m[HTTP]&amp#27;[39m &amp#27;[90m{}&amp#27;[39m
&amp#27;[35m[W3C (17588393)]&amp#27;[39m Driver proxy active, passing request on via HTTP proxy
[debug] &amp#27;[35m[WD Proxy]&amp#27;[39m Matched '/wd/hub/session/17588393-9eac-4cd9-9399-d342c6384ea7/element/b1a74341-8dd5-4729-af51-7ccbee906760/text' to command name 'getText'
[debug] &amp#27;[35m[WD Proxy]&amp#27;[39m Proxying [GET /wd/hub/session/17588393-9eac-4cd9-9399-d342c6384ea7/element/b1a74341-8dd5-4729-af51-7ccbee906760/text] to [GET http://127.0.0.1:8200/wd/hub/session/91bae3ee-22d3-4f66-983f-d2a440c0f1db/element/b1a74341-8dd5-4729-af51-7ccbee906760/text] with no body
[debug] &amp#27;[35m[WD Proxy]&amp#27;[39m Got response with status 200: {"sessionId":"91bae3ee-22d3-4f66-983f-d2a440c0f1db","value":"General Store"}
&amp#27;[35m[WD Proxy]&amp#27;[39m Replacing sessionId 91bae3ee-22d3-4f66-983f-d2a440c0f1db with 17588393-9eac-4cd9-9399-d342c6384ea7
&amp#27;[35m[HTTP]&amp#27;[39m &amp#27;[37m<-- GET /wd/hub/session/17588393-9eac-4cd9-9399-d342c6384ea7/element/b1a74341-8dd5-4729-af51-7ccbee906760/text &amp#27;[39m&amp#27;[32m200&amp#27;[39m &amp#27;[90m29 ms - 76&amp#27;[39m
&amp#27;[35m[HTTP]&amp#27;[39m &amp#27;[90m&amp#27;[39m
]]></system-out>
    <system-err><![CDATA[Oct. 19, 2020 4:51:31 A.M. io.appium.java_client.remote.AppiumCommandExecutor$1 lambda$0
INFO: Detected dialect: W3C
]]></system-err>
  </testcase>
  <testcase name="dropdownLabel" classname="test.AppiumFramework.HomeTest" time="0.235">
    <failure message="The following asserts failed:&#10;	expected [false] but found [true]" type="java.lang.AssertionError"><![CDATA[java.lang.AssertionError: 
The following asserts failed:
	expected [false] but found [true]
	at test.AppiumFramework.HomeTest.dropdownLabel(HomeTest.java:41)
]]></failure>
    <system-out><![CDATA[&amp#27;[35m[HTTP]&amp#27;[39m &amp#27;[37m-->&amp#27;[39m &amp#27;[37mGET&amp#27;[39m &amp#27;[37m/wd/hub/session/17588393-9eac-4cd9-9399-d342c6384ea7/context&amp#27;[39m
&amp#27;[35m[HTTP]&amp#27;[39m &amp#27;[90m{}&amp#27;[39m
[debug] &amp#27;[35m[W3C (17588393)]&amp#27;[39m Calling AppiumDriver.getCurrentContext() with args: ["17588393-9eac-4cd9-9399-d342c6384ea7"]
[debug] &amp#27;[35m[W3C (17588393)]&amp#27;[39m Responding to client with driver.getCurrentContext() result: "NATIVE_APP"
&amp#27;[35m[HTTP]&amp#27;[39m &amp#27;[37m<-- GET /wd/hub/session/17588393-9eac-4cd9-9399-d342c6384ea7/context &amp#27;[39m&amp#27;[32m200&amp#27;[39m &amp#27;[90m4 ms - 22&amp#27;[39m
&amp#27;[35m[HTTP]&amp#27;[39m &amp#27;[90m&amp#27;[39m
&amp#27;[35m[HTTP]&amp#27;[39m &amp#27;[37m-->&amp#27;[39m &amp#27;[37mPOST&amp#27;[39m &amp#27;[37m/wd/hub/session/17588393-9eac-4cd9-9399-d342c6384ea7/element&amp#27;[39m
&amp#27;[35m[HTTP]&amp#27;[39m &amp#27;[90m{"using":"xpath","value":"//*[@text=\"Select the country where you want to shop\"]"}&amp#27;[39m
[debug] &amp#27;[35m[W3C (17588393)]&amp#27;[39m Calling AppiumDriver.findElement() with args: ["xpath","//*[@text=\"Select the country where you want to shop\"]","17588393-9eac-4cd9-9399-d342c6384ea7"]
[debug] &amp#27;[35m[BaseDriver]&amp#27;[39m Valid locator strategies for this request: xpath, id, class name, accessibility id, -android uiautomator
[debug] &amp#27;[35m[BaseDriver]&amp#27;[39m Waiting up to 10000 ms for condition
[debug] &amp#27;[35m[WD Proxy]&amp#27;[39m Matched '/element' to command name 'findElement'
[debug] &amp#27;[35m[WD Proxy]&amp#27;[39m Proxying [POST /element] to [POST http://127.0.0.1:8200/wd/hub/session/91bae3ee-22d3-4f66-983f-d2a440c0f1db/element] with body: {"strategy":"xpath","selector":"//*[@text=\"Select the country where you want to shop\"]","context":"","multiple":false}
[debug] &amp#27;[35m[WD Proxy]&amp#27;[39m Got response with status 200: {"sessionId":"91bae3ee-22d3-4f66-983f-d2a440c0f1db","value":{"ELEMENT":"770247cd-fec6-4b6f-9b22-6f1437f5b180","element-6066-11e4-a52e-4f735466cecf":"770247cd-fec6-4b6f-9b22-6f1437f5b180"}}
[debug] &amp#27;[35m[W3C (17588393)]&amp#27;[39m Responding to client with driver.findElement() result: {"element-6066-11e4-a52e-4f735466cecf":"770247cd-fec6-4b6f-9b22-6f1437f5b180","ELEMENT":"770247cd-fec6-4b6f-9b22-6f1437f5b180"}
&amp#27;[35m[HTTP]&amp#27;[39m &amp#27;[37m<-- POST /wd/hub/session/17588393-9eac-4cd9-9399-d342c6384ea7/element &amp#27;[39m&amp#27;[32m200&amp#27;[39m &amp#27;[90m199 ms - 137&amp#27;[39m
&amp#27;[35m[HTTP]&amp#27;[39m &amp#27;[90m&amp#27;[39m
&amp#27;[35m[HTTP]&amp#27;[39m &amp#27;[37m-->&amp#27;[39m &amp#27;[37mGET&amp#27;[39m &amp#27;[37m/wd/hub/session/17588393-9eac-4cd9-9399-d342c6384ea7/element/770247cd-fec6-4b6f-9b22-6f1437f5b180/displayed&amp#27;[39m
&amp#27;[35m[HTTP]&amp#27;[39m &amp#27;[90m{}&amp#27;[39m
[debug] &amp#27;[35m[W3C (17588393)]&amp#27;[39m Calling AppiumDriver.elementDisplayed() with args: ["770247cd-fec6-4b6f-9b22-6f1437f5b180","17588393-9eac-4cd9-9399-d342c6384ea7"]
[debug] &amp#27;[35m[WD Proxy]&amp#27;[39m Matched '/element/770247cd-fec6-4b6f-9b22-6f1437f5b180/attribute/displayed' to command name 'getAttribute'
[debug] &amp#27;[35m[WD Proxy]&amp#27;[39m Proxying [GET /element/770247cd-fec6-4b6f-9b22-6f1437f5b180/attribute/displayed] to [GET http://127.0.0.1:8200/wd/hub/session/91bae3ee-22d3-4f66-983f-d2a440c0f1db/element/770247cd-fec6-4b6f-9b22-6f1437f5b180/attribute/displayed] with no body
[debug] &amp#27;[35m[WD Proxy]&amp#27;[39m Got response with status 200: {"sessionId":"91bae3ee-22d3-4f66-983f-d2a440c0f1db","value":"true"}
[debug] &amp#27;[35m[W3C (17588393)]&amp#27;[39m Responding to client with driver.elementDisplayed() result: true
&amp#27;[35m[HTTP]&amp#27;[39m &amp#27;[37m<-- GET /wd/hub/session/17588393-9eac-4cd9-9399-d342c6384ea7/element/770247cd-fec6-4b6f-9b22-6f1437f5b180/displayed &amp#27;[39m&amp#27;[32m200&amp#27;[39m &amp#27;[90m16 ms - 14&amp#27;[39m
&amp#27;[35m[HTTP]&amp#27;[39m &amp#27;[90m&amp#27;[39m
]]></system-out>
  </testcase>
  <testcase name="selectCountry[Algeria](1)" classname="test.AppiumFramework.HomeTest" time="1.686">
    <system-out><![CDATA[&amp#27;[35m[HTTP]&amp#27;[39m &amp#27;[37m-->&amp#27;[39m &amp#27;[37mGET&amp#27;[39m &amp#27;[37m/wd/hub/session/17588393-9eac-4cd9-9399-d342c6384ea7/screenshot&amp#27;[39m
&amp#27;[35m[HTTP]&amp#27;[39m &amp#27;[90m{}&amp#27;[39m
[debug] &amp#27;[35m[W3C (17588393)]&amp#27;[39m Calling AppiumDriver.getScreenshot() with args: ["17588393-9eac-4cd9-9399-d342c6384ea7"]
[debug] &amp#27;[35m[WD Proxy]&amp#27;[39m Matched '/screenshot' to command name 'getScreenshot'
[debug] &amp#27;[35m[WD Proxy]&amp#27;[39m Proxying [GET /screenshot] to [GET http://127.0.0.1:8200/wd/hub/session/91bae3ee-22d3-4f66-983f-d2a440c0f1db/screenshot] with no body
[debug] &amp#27;[35m[WD Proxy]&amp#27;[39m Got response with status 200: {"sessionId":"91bae3ee-22d3-4f66-983f-d2a440c0f1db","value":"iVBORw0KGgoAAAANSUhEUgAABDgAAAeACAYAAAArYecKAAAABHNCSVQICAgIfAhkiAAAIABJREFU\neJzs3XecHGXhx/Hv88zslSR36b1DCL2EFnqVKoIgRSJdAUFUBJQfgqKCWCiiIkVRQUVQEQRRpKNS\npBk6BgiEFEJIr5fbnZnn98eW272bvb53N+Hz9hW5nfLMM7NTv/vMjBn8+klOAAAAAAAACWZ7uwIA\nAAAAAABdRcABAAAAAAASj4ADAAAAAAAkHgEHAAAAAABIPAIOAAAAAACQeAQcAAAAAAAg8Qg4AAAA\nAABA4hFwAAAAAACAxCPgAAAAAAAAiUfAAQAAAAAAEo+AAwAAAAAAJJ7f2xXAhsuT1ejUYB1Wt4P2\n67+1Nq0eo6FenSRpWbhGb6UX6tE1r+qvq5/T+8FyBS7s5RoDAAAAAJLKDH79JNfblcCGw8ho8+qx\n+vHo07RNzST5xsrItDqOk1PoIr3aOE8XfHCrZja8KydWSwAAAABA+xFwoNuMTw3Ti1OukqQ2Q41y\n8sHGiDdOU6io2+oGAAAAIDmqjK8h3gAN8+s11KvTEG+Ahnp1Guj10+qoQcuCNVoSrtbczGLNSX+o\niB9IO+yO8edplD+obP+0C3TgnO/0YI26jltU0GU1pkp/n3SxtqmZ2OlgIy8//vVjztCZ79/YHdXr\nNmNSQ/TZwftrfGqobBfnsz0aooweWfuy7lv9ArfvAAAAYINWbXzt2X8L7d1/C+3db0ttWTO+3dcW\njS7Qm43v63+NC/R64zy9vP49PbHuDWU4h27VltXjNTY1pGz/Rhf0YG26BwEHumRiarie2fj7qjLd\nuyodWjdNRkZOTv1stdZFjd1afkft0m+qfjTqFE2pHi2vh57N6+R0ZP3O2rPf5jr/g1t7ZJoAAABA\nT0kZT0fWT9eR9dO1T/8tVW1S...
[debug] &amp#27;[35m[W3C (17588393)]&amp#27;[39m Responding to client with driver.getScreenshot() result: "iVBORw0KGgoAAAANSUhEUgAABDgAAAeACAYAAAArYecKAAAABHNCSVQICAgIfAhkiAAAIABJREFU\neJzs3XecHGXhx/Hv88zslSR36b1DCL2EFnqVKoIgRSJdAUFUBJQfgqKCWCiiIkVRQUVQEQRRpKNS\npBk6BgiEFEJIr5fbnZnn98eW272bvb53N+Hz9hW5nfLMM7NTv/vMjBn8+klOAAAAAAAACWZ7uwIA\nAAAAAABdRcABAAAAAAASj4ADAAAAAAAkHgEHAAAAAABIPAIOAAAAAACQeAQcAAAAAAAg8Qg4AAAA\nAABA4hFwAAAAAACAxCPgAAAAAAAAiUfAAQAAAAAAEo+AAwAAAAAAJJ7f2xXAhsuT1ejUYB1Wt4P2\n67+1Nq0eo6FenSRpWbhGb6UX6tE1r+qvq5/T+8FyBS7s5RoDAAAAAJLKDH79JNfblcCGw8ho8+qx\n+vHo07RNzST5xsrItDqOk1PoIr3aOE8XfHCrZja8KydWSwAAAABA+xFwoNuMTw3Ti1OukqQ2Q41y\n8sHGiDdOU6io2+oGAAAAIDmqjK8h3gAN8+s11KvTEG+Ahnp1Guj10+qoQcuCNVoSrtbczGLNSX+o\niB9IO+yO8edplD+obP+0C3TgnO/0YI26jltU0GU1pkp/n3SxtqmZ2OlgIy8//vVjztCZ79/YHdXr\nNmNSQ/TZwftrfGqobBfnsz0aooweWfuy7lv9ArfvAAAAYINWbXzt2X8L7d1/C+3db0ttWTO+3dcW\njS7Qm43v63+NC/R64zy9vP49PbHuDWU4h27VltXjNTY1pGz/Rhf0YG26BwEHumRiarie2fj7qjLd\nuyodWjdNRkZOTv1stdZFjd1afkft0m+qfjTqFE2pHi2vh57N6+R0ZP3O2rPf5jr/g1t7ZJoAAABA\nT0kZT0fWT9eR9dO1T/8tVW1SnSqn2vjaumaCtq6ZIGlXSdLScLX+sPJJ3b7iCb3WOK8ba10ZA2yN\nplaPUT...
&amp#27;[35m[HTTP]&amp#27;[39m &amp#27;[37m<-- GET /wd/hub/session/17588393-9eac-4cd9-9399-d342c6384ea7/screenshot &amp#27;[39m&amp#27;[32m200&amp#27;[39m &amp#27;[90m515 ms - 604694&amp#27;[39m
&amp#27;[35m[HTTP]&amp#27;[39m &amp#27;[90m&amp#27;[39m
&amp#27;[35m[HTTP]&amp#27;[39m &amp#27;[37m-->&amp#27;[39m &amp#27;[37mGET&amp#27;[39m &amp#27;[37m/wd/hub/session/17588393-9eac-4cd9-9399-d342c6384ea7/context&amp#27;[39m
&amp#27;[35m[HTTP]&amp#27;[39m &amp#27;[90m{}&amp#27;[39m
[debug] &amp#27;[35m[W3C (17588393)]&amp#27;[39m Calling AppiumDriver.getCurrentContext() with args: ["17588393-9eac-4cd9-9399-d342c6384ea7"]
[debug] &amp#27;[35m[W3C (17588393)]&amp#27;[39m Responding to client with driver.getCurrentContext() result: "NATIVE_APP"
&amp#27;[35m[HTTP]&amp#27;[39m &amp#27;[37m<-- GET /wd/hub/session/17588393-9eac-4cd9-9399-d342c6384ea7/context &amp#27;[39m&amp#27;[32m200&amp#27;[39m &amp#27;[90m4 ms - 22&amp#27;[39m
&amp#27;[35m[HTTP]&amp#27;[39m &amp#27;[90m&amp#27;[39m
&amp#27;[35m[HTTP]&amp#27;[39m &amp#27;[37m-->&amp#27;[39m &amp#27;[37mPOST&amp#27;[39m &amp#27;[37m/wd/hub/session/17588393-9eac-4cd9-9399-d342c6384ea7/element&amp#27;[39m
&amp#27;[35m[HTTP]&amp#27;[39m &amp#27;[90m{"using":"class name","value":"android.widget.Spinner"}&amp#27;[39m
[debug] &amp#27;[35m[W3C (17588393)]&amp#27;[39m Calling AppiumDriver.findElement() with args: ["class name","android.widget.Spinner","17588393-9eac-4cd9-9399-d342c6384ea7"]
[debug] &amp#27;[35m[BaseDriver]&amp#27;[39m Valid locator strategies for this request: xpath, id, class name, accessibility id, -android uiautomator
[debug] &amp#27;[35m[BaseDriver]&amp#27;[39m Waiting up to 10000 ms for condition
[debug] &amp#27;[35m[WD Proxy]&amp#27;[39m Matched '/element' to command name 'findElement'
[debug] &amp#27;[35m[WD Proxy]&amp#27;[39m Proxying [POST /element] to [POST http://127.0.0.1:8200/wd/hub/session/91bae3ee-22d3-4f66-983f-d2a440c0f1db/element] with body: {"strategy":"class name","selector":"android.widget.Spinner","context":"","multiple":false}
[debug] &amp#27;[35m[WD Proxy]&amp#27;[39m Got response with status 200: {"sessionId":"91bae3ee-22d3-4f66-983f-d2a440c0f1db","value":{"ELEMENT":"29742302-eb42-4112-b7d8-ef3ac96eb18f","element-6066-11e4-a52e-4f735466cecf":"29742302-eb42-4112-b7d8-ef3ac96eb18f"}}
[debug] &amp#27;[35m[W3C (17588393)]&amp#27;[39m Responding to client with driver.findElement() result: {"element-6066-11e4-a52e-4f735466cecf":"29742302-eb42-4112-b7d8-ef3ac96eb18f","ELEMENT":"29742302-eb42-4112-b7d8-ef3ac96eb18f"}
&amp#27;[35m[HTTP]&amp#27;[39m &amp#27;[37m<-- POST /wd/hub/session/17588393-9eac-4cd9-9399-d342c6384ea7/element &amp#27;[39m&amp#27;[32m200&amp#27;[39m &amp#27;[90m31 ms - 137&amp#27;[39m
&amp#27;[35m[HTTP]&amp#27;[39m &amp#27;[90m&amp#27;[39m
&amp#27;[35m[HTTP]&amp#27;[39m &amp#27;[37m-->&amp#27;[39m &amp#27;[37mPOST&amp#27;[39m &amp#27;[37m/wd/hub/session/17588393-9eac-4cd9-9399-d342c6384ea7/element/29742302-eb42-4112-b7d8-ef3ac96eb18f/click&amp#27;[39m
&amp#27;[35m[HTTP]&amp#27;[39m &amp#27;[90m{"id":"29742302-eb42-4112-b7d8-ef3ac96eb18f"}&amp#27;[39m
[debug] &amp#27;[35m[W3C (17588393)]&amp#27;[39m Calling AppiumDriver.click() with args: ["29742302-eb42-4112-b7d8-ef3ac96eb18f","17588393-9eac-4cd9-9399-d342c6384ea7"]
[debug] &amp#27;[35m[WD Proxy]&amp#27;[39m Matched '/element/29742302-eb42-4112-b7d8-ef3ac96eb18f/click' to command name 'click'
[debug] &amp#27;[35m[WD Proxy]&amp#27;[39m Proxying [POST /element/29742302-eb42-4112-b7d8-ef3ac96eb18f/click] to [POST http://127.0.0.1:8200/wd/hub/session/91bae3ee-22d3-4f66-983f-d2a440c0f1db/element/29742302-eb42-4112-b7d8-ef3ac96eb18f/click] with body: {"element":"29742302-eb42-4112-b7d8-ef3ac96eb18f"}
[debug] &amp#27;[35m[WD Proxy]&amp#27;[39m Got response with status 200: {"sessionId":"91bae3ee-22d3-4f66-983f-d2a440c0f1db","value":null}
[debug] &amp#27;[35m[W3C (17588393)]&amp#27;[39m Responding to client with driver.click() result: null
&amp#27;[35m[HTTP]&amp#27;[39m &amp#27;[37m<-- POST /wd/hub/session/17588393-9eac-4cd9-9399-d342c6384ea7/element/29742302-eb42-4112-b7d8-ef3ac96eb18f/click &amp#27;[39m&amp#27;[32m200&amp#27;[39m &amp#27;[90m27 ms - 14&amp#27;[39m
&amp#27;[35m[HTTP]&amp#27;[39m &amp#27;[90m&amp#27;[39m
&amp#27;[35m[HTTP]&amp#27;[39m &amp#27;[37m-->&amp#27;[39m &amp#27;[37mPOST&amp#27;[39m &amp#27;[37m/wd/hub/session/17588393-9eac-4cd9-9399-d342c6384ea7/element&amp#27;[39m
&amp#27;[35m[HTTP]&amp#27;[39m &amp#27;[90m{"using":"-android uiautomator","value":"new UiScrollable(new UiSelector()).setMaxSearchSwipes(100).scrollIntoView(new UiSelector().textMatches(\"Algeria\"))"}&amp#27;[39m
[debug] &amp#27;[35m[W3C (17588393)]&amp#27;[39m Calling AppiumDriver.findElement() with args: ["-android uiautomator","new UiScrollable(new UiSelector()).setMaxSearchSwipes(100).scrollIntoView(new UiSelector().textMatches(\"Algeria\"))","17588393-9eac-4cd9-9399-d342c6384ea7"]
[debug] &amp#27;[35m[BaseDriver]&amp#27;[39m Valid locator strategies for this request: xpath, id, class name, accessibility id, -android uiautomator
[debug] &amp#27;[35m[BaseDriver]&amp#27;[39m Waiting up to 10000 ms for condition
[debug] &amp#27;[35m[WD Proxy]&amp#27;[39m Matched '/element' to command name 'findElement'
[debug] &amp#27;[35m[WD Proxy]&amp#27;[39m Proxying [POST /element] to [POST http://127.0.0.1:8200/wd/hub/session/91bae3ee-22d3-4f66-983f-d2a440c0f1db/element] with body: {"strategy":"-android uiautomator","selector":"new UiScrollable(new UiSelector()).setMaxSearchSwipes(100).scrollIntoView(new UiSelector().textMatches(\"Algeria\"))","context":"","multiple":false}
[debug] &amp#27;[35m[WD Proxy]&amp#27;[39m Got response with status 200: {"sessionId":"91bae3ee-22d3-4f66-983f-d2a440c0f1db","value":{"ELEMENT":"36af0bd9-5fe9-4efa-8d50-76e6bd3db8fd","element-6066-11e4-a52e-4f735466cecf":"36af0bd9-5fe9-4efa-8d50-76e6bd3db8fd"}}
[debug] &amp#27;[35m[W3C (17588393)]&amp#27;[39m Responding to client with driver.findElement() result: {"element-6066-11e4-a52e-4f735466cecf":"36af0bd9-5fe9-4efa-8d50-76e6bd3db8fd","ELEMENT":"36af0bd9-5fe9-4efa-8d50-76e6bd3db8fd"}
&amp#27;[35m[HTTP]&amp#27;[39m &amp#27;[37m<-- POST /wd/hub/session/17588393-9eac-4cd9-9399-d342c6384ea7/element &amp#27;[39m&amp#27;[32m200&amp#27;[39m &amp#27;[90m871 ms - 137&amp#27;[39m
&amp#27;[35m[HTTP]&amp#27;[39m &amp#27;[90m&amp#27;[39m
&amp#27;[35m[HTTP]&amp#27;[39m &amp#27;[37m-->&amp#27;[39m &amp#27;[37mPOST&amp#27;[39m &amp#27;[37m/wd/hub/session/17588393-9eac-4cd9-9399-d342c6384ea7/element&amp#27;[39m
&amp#27;[35m[HTTP]&amp#27;[39m &amp#27;[90m{"using":"xpath","value":"//*[@text=\"Algeria\"]"}&amp#27;[39m
[debug] &amp#27;[35m[W3C (17588393)]&amp#27;[39m Calling AppiumDriver.findElement() with args: ["xpath","//*[@text=\"Algeria\"]","17588393-9eac-4cd9-9399-d342c6384ea7"]
[debug] &amp#27;[35m[BaseDriver]&amp#27;[39m Valid locator strategies for this request: xpath, id, class name, accessibility id, -android uiautomator
[debug] &amp#27;[35m[BaseDriver]&amp#27;[39m Waiting up to 10000 ms for condition
[debug] &amp#27;[35m[WD Proxy]&amp#27;[39m Matched '/element' to command name 'findElement'
[debug] &amp#27;[35m[WD Proxy]&amp#27;[39m Proxying [POST /element] to [POST http://127.0.0.1:8200/wd/hub/session/91bae3ee-22d3-4f66-983f-d2a440c0f1db/element] with body: {"strategy":"xpath","selector":"//*[@text=\"Algeria\"]","context":"","multiple":false}
[debug] &amp#27;[35m[WD Proxy]&amp#27;[39m Got response with status 200: {"sessionId":"91bae3ee-22d3-4f66-983f-d2a440c0f1db","value":{"ELEMENT":"56c06784-e7de-43e8-b842-a7090c5d9968","element-6066-11e4-a52e-4f735466cecf":"56c06784-e7de-43e8-b842-a7090c5d9968"}}
[debug] &amp#27;[35m[W3C (17588393)]&amp#27;[39m Responding to client with driver.findElement() result: {"element-6066-11e4-a52e-4f735466cecf":"56c06784-e7de-43e8-b842-a7090c5d9968","ELEMENT":"56c06784-e7de-43e8-b842-a7090c5d9968"}
&amp#27;[35m[HTTP]&amp#27;[39m &amp#27;[37m<-- POST /wd/hub/session/17588393-9eac-4cd9-9399-d342c6384ea7/element &amp#27;[39m&amp#27;[32m200&amp#27;[39m &amp#27;[90m54 ms - 137&amp#27;[39m
&amp#27;[35m[HTTP]&amp#27;[39m &amp#27;[90m&amp#27;[39m
&amp#27;[35m[HTTP]&amp#27;[39m &amp#27;[37m-->&amp#27;[39m &amp#27;[37mPOST&amp#27;[39m &amp#27;[37m/wd/hub/session/17588393-9eac-4cd9-9399-d342c6384ea7/element/56c06784-e7de-43e8-b842-a7090c5d9968/click&amp#27;[39m
&amp#27;[35m[HTTP]&amp#27;[39m &amp#27;[90m{"id":"56c06784-e7de-43e8-b842-a7090c5d9968"}&amp#27;[39m
[debug] &amp#27;[35m[W3C (17588393)]&amp#27;[39m Calling AppiumDriver.click() with args: ["56c06784-e7de-43e8-b842-a7090c5d9968","17588393-9eac-4cd9-9399-d342c6384ea7"]
[debug] &amp#27;[35m[WD Proxy]&amp#27;[39m Matched '/element/56c06784-e7de-43e8-b842-a7090c5d9968/click' to command name 'click'
[debug] &amp#27;[35m[WD Proxy]&amp#27;[39m Proxying [POST /element/56c06784-e7de-43e8-b842-a7090c5d9968/click] to [POST http://127.0.0.1:8200/wd/hub/session/91bae3ee-22d3-4f66-983f-d2a440c0f1db/element/56c06784-e7de-43e8-b842-a7090c5d9968/click] with body: {"element":"56c06784-e7de-43e8-b842-a7090c5d9968"}
[debug] &amp#27;[35m[WD Proxy]&amp#27;[39m Got response with status 200: {"sessionId":"91bae3ee-22d3-4f66-983f-d2a440c0f1db","value":null}
[debug] &amp#27;[35m[W3C (17588393)]&amp#27;[39m Responding to client with driver.click() result: null
&amp#27;[35m[HTTP]&amp#27;[39m &amp#27;[37m<-- POST /wd/hub/session/17588393-9eac-4cd9-9399-d342c6384ea7/element/56c06784-e7de-43e8-b842-a7090c5d9968/click &amp#27;[39m&amp#27;[32m200&amp#27;[39m &amp#27;[90m625 ms - 14&amp#27;[39m
&amp#27;[35m[HTTP]&amp#27;[39m &amp#27;[90m&amp#27;[39m
&amp#27;[35m[HTTP]&amp#27;[39m &amp#27;[37m-->&amp#27;[39m &amp#27;[37mGET&amp#27;[39m &amp#27;[37m/wd/hub/session/17588393-9eac-4cd9-9399-d342c6384ea7/context&amp#27;[39m
&amp#27;[35m[HTTP]&amp#27;[39m &amp#27;[90m{}&amp#27;[39m
[debug] &amp#27;[35m[W3C (17588393)]&amp#27;[39m Calling AppiumDriver.getCurrentContext() with args: ["17588393-9eac-4cd9-9399-d342c6384ea7"]
[debug] &amp#27;[35m[W3C (17588393)]&amp#27;[39m Responding to client with driver.getCurrentContext() result: "NATIVE_APP"
&amp#27;[35m[HTTP]&amp#27;[39m &amp#27;[37m<-- GET /wd/hub/session/17588393-9eac-4cd9-9399-d342c6384ea7/context &amp#27;[39m&amp#27;[32m200&amp#27;[39m &amp#27;[90m2 ms - 22&amp#27;[39m
&amp#27;[35m[HTTP]&amp#27;[39m &amp#27;[90m&amp#27;[39m
&amp#27;[35m[HTTP]&amp#27;[39m &amp#27;[37m-->&amp#27;[39m &amp#27;[37mPOST&amp#27;[39m &amp#27;[37m/wd/hub/session/17588393-9eac-4cd9-9399-d342c6384ea7/element&amp#27;[39m
&amp#27;[35m[HTTP]&amp#27;[39m &amp#27;[90m{"using":"id","value":"android:id/text1"}&amp#27;[39m
[debug] &amp#27;[35m[W3C (17588393)]&amp#27;[39m Calling AppiumDriver.findElement() with args: ["id","android:id/text1","17588393-9eac-4cd9-9399-d342c6384ea7"]
[debug] &amp#27;[35m[BaseDriver]&amp#27;[39m Valid locator strategies for this request: xpath, id, class name, accessibility id, -android uiautomator
[debug] &amp#27;[35m[BaseDriver]&amp#27;[39m Waiting up to 10000 ms for condition
[debug] &amp#27;[35m[WD Proxy]&amp#27;[39m Matched '/element' to command name 'findElement'
[debug] &amp#27;[35m[WD Proxy]&amp#27;[39m Proxying [POST /element] to [POST http://127.0.0.1:8200/wd/hub/session/91bae3ee-22d3-4f66-983f-d2a440c0f1db/element] with body: {"strategy":"id","selector":"android:id/text1","context":"","multiple":false}
[debug] &amp#27;[35m[WD Proxy]&amp#27;[39m Got response with status 200: {"sessionId":"91bae3ee-22d3-4f66-983f-d2a440c0f1db","value":{"ELEMENT":"e648a539-36e0-4f6d-bdc8-f06f3d7c2a49","element-6066-11e4-a52e-4f735466cecf":"e648a539-36e0-4f6d-bdc8-f06f3d7c2a49"}}
[debug] &amp#27;[35m[W3C (17588393)]&amp#27;[39m Responding to client with driver.findElement() result: {"element-6066-11e4-a52e-4f735466cecf":"e648a539-36e0-4f6d-bdc8-f06f3d7c2a49","ELEMENT":"e648a539-36e0-4f6d-bdc8-f06f3d7c2a49"}
&amp#27;[35m[HTTP]&amp#27;[39m &amp#27;[37m<-- POST /wd/hub/session/17588393-9eac-4cd9-9399-d342c6384ea7/element &amp#27;[39m&amp#27;[32m200&amp#27;[39m &amp#27;[90m23 ms - 137&amp#27;[39m
&amp#27;[35m[HTTP]&amp#27;[39m &amp#27;[90m&amp#27;[39m
&amp#27;[35m[HTTP]&amp#27;[39m &amp#27;[37m-->&amp#27;[39m &amp#27;[37mGET&amp#27;[39m &amp#27;[37m/wd/hub/session/17588393-9eac-4cd9-9399-d342c6384ea7/element/e648a539-36e0-4f6d-bdc8-f06f3d7c2a49/text&amp#27;[39m
&amp#27;[35m[HTTP]&amp#27;[39m &amp#27;[90m{}&amp#27;[39m
&amp#27;[35m[W3C (17588393)]&amp#27;[39m Driver proxy active, passing request on via HTTP proxy
[debug] &amp#27;[35m[WD Proxy]&amp#27;[39m Matched '/wd/hub/session/17588393-9eac-4cd9-9399-d342c6384ea7/element/e648a539-36e0-4f6d-bdc8-f06f3d7c2a49/text' to command name 'getText'
[debug] &amp#27;[35m[WD Proxy]&amp#27;[39m Proxying [GET /wd/hub/session/17588393-9eac-4cd9-9399-d342c6384ea7/element/e648a539-36e0-4f6d-bdc8-f06f3d7c2a49/text] to [GET http://127.0.0.1:8200/wd/hub/session/91bae3ee-22d3-4f66-983f-d2a440c0f1db/element/e648a539-36e0-4f6d-bdc8-f06f3d7c2a49/text] with no body
[debug] &amp#27;[35m[WD Proxy]&amp#27;[39m Got response with status 200: {"sessionId":"91bae3ee-22d3-4f66-983f-d2a440c0f1db","value":"Algeria"}
&amp#27;[35m[WD Proxy]&amp#27;[39m Replacing sessionId 91bae3ee-22d3-4f66-983f-d2a440c0f1db with 17588393-9eac-4cd9-9399-d342c6384ea7
&amp#27;[35m[HTTP]&amp#27;[39m &amp#27;[37m<-- GET /wd/hub/session/17588393-9eac-4cd9-9399-d342c6384ea7/element/e648a539-36e0-4f6d-bdc8-f06f3d7c2a49/text &amp#27;[39m&amp#27;[32m200&amp#27;[39m &amp#27;[90m14 ms - ]]></system-out>
  </testcase>
  <testcase name="nameField[Enter name here, Joe](1)" classname="test.AppiumFramework.HomeTest" time="1.275">
    <system-out><![CDATA[70&amp#27;[39m
&amp#27;[35m[HTTP]&amp#27;[39m &amp#27;[90m&amp#27;[39m
&amp#27;[35m[HTTP]&amp#27;[39m &amp#27;[37m-->&amp#27;[39m &amp#27;[37mGET&amp#27;[39m &amp#27;[37m/wd/hub/session/17588393-9eac-4cd9-9399-d342c6384ea7/context&amp#27;[39m
&amp#27;[35m[HTTP]&amp#27;[39m &amp#27;[90m{}&amp#27;[39m
[debug] &amp#27;[35m[W3C (17588393)]&amp#27;[39m Calling AppiumDriver.getCurrentContext() with args: ["17588393-9eac-4cd9-9399-d342c6384ea7"]
[debug] &amp#27;[35m[W3C (17588393)]&amp#27;[39m Responding to client with driver.getCurrentContext() result: "NATIVE_APP"
&amp#27;[35m[HTTP]&amp#27;[39m &amp#27;[37m<-- GET /wd/hub/session/17588393-9eac-4cd9-9399-d342c6384ea7/context &amp#27;[39m&amp#27;[32m200&amp#27;[39m &amp#27;[90m1 ms - 22&amp#27;[39m
&amp#27;[35m[HTTP]&amp#27;[39m &amp#27;[90m&amp#27;[39m
&amp#27;[35m[HTTP]&amp#27;[39m &amp#27;[37m-->&amp#27;[39m &amp#27;[37mPOST&amp#27;[39m &amp#27;[37m/wd/hub/session/17588393-9eac-4cd9-9399-d342c6384ea7/element&amp#27;[39m
&amp#27;[35m[HTTP]&amp#27;[39m &amp#27;[90m{"using":"xpath","value":"//android.widget.TextView[@text=\"Your Name\"]"}&amp#27;[39m
[debug] &amp#27;[35m[W3C (17588393)]&amp#27;[39m Calling AppiumDriver.findElement() with args: ["xpath","//android.widget.TextView[@text=\"Your Name\"]","17588393-9eac-4cd9-9399-d342c6384ea7"]
[debug] &amp#27;[35m[BaseDriver]&amp#27;[39m Valid locator strategies for this request: xpath, id, class name, accessibility id, -android uiautomator
[debug] &amp#27;[35m[BaseDriver]&amp#27;[39m Waiting up to 10000 ms for condition
[debug] &amp#27;[35m[WD Proxy]&amp#27;[39m Matched '/element' to command name 'findElement'
[debug] &amp#27;[35m[WD Proxy]&amp#27;[39m Proxying [POST /element] to [POST http://127.0.0.1:8200/wd/hub/session/91bae3ee-22d3-4f66-983f-d2a440c0f1db/element] with body: {"strategy":"xpath","selector":"//android.widget.TextView[@text=\"Your Name\"]","context":"","multiple":false}
[debug] &amp#27;[35m[WD Proxy]&amp#27;[39m Got response with status 200: {"sessionId":"91bae3ee-22d3-4f66-983f-d2a440c0f1db","value":{"ELEMENT":"4afcbdcf-10ca-4101-8b24-771eb365fd96","element-6066-11e4-a52e-4f735466cecf":"4afcbdcf-10ca-4101-8b24-771eb365fd96"}}
[debug] &amp#27;[35m[W3C (17588393)]&amp#27;[39m Responding to client with driver.findElement() result: {"element-6066-11e4-a52e-4f735466cecf":"4afcbdcf-10ca-4101-8b24-771eb365fd96","ELEMENT":"4afcbdcf-10ca-4101-8b24-771eb365fd96"}
&amp#27;[35m[HTTP]&amp#27;[39m &amp#27;[37m<-- POST /wd/hub/session/17588393-9eac-4cd9-9399-d342c6384ea7/element &amp#27;[39m&amp#27;[32m200&amp#27;[39m &amp#27;[90m104 ms - 137&amp#27;[39m
&amp#27;[35m[HTTP]&amp#27;[39m &amp#27;[90m&amp#27;[39m
&amp#27;[35m[HTTP]&amp#27;[39m &amp#27;[37m-->&amp#27;[39m &amp#27;[37mGET&amp#27;[39m &amp#27;[37m/wd/hub/session/17588393-9eac-4cd9-9399-d342c6384ea7/element/4afcbdcf-10ca-4101-8b24-771eb365fd96/displayed&amp#27;[39m
&amp#27;[35m[HTTP]&amp#27;[39m &amp#27;[90m{}&amp#27;[39m
[debug] &amp#27;[35m[W3C (17588393)]&amp#27;[39m Calling AppiumDriver.elementDisplayed() with args: ["4afcbdcf-10ca-4101-8b24-771eb365fd96","17588393-9eac-4cd9-9399-d342c6384ea7"]
[debug] &amp#27;[35m[WD Proxy]&amp#27;[39m Matched '/element/4afcbdcf-10ca-4101-8b24-771eb365fd96/attribute/displayed' to command name 'getAttribute'
[debug] &amp#27;[35m[WD Proxy]&amp#27;[39m Proxying [GET /element/4afcbdcf-10ca-4101-8b24-771eb365fd96/attribute/displayed] to [GET http://127.0.0.1:8200/wd/hub/session/91bae3ee-22d3-4f66-983f-d2a440c0f1db/element/4afcbdcf-10ca-4101-8b24-771eb365fd96/attribute/displayed] with no body
[debug] &amp#27;[35m[WD Proxy]&amp#27;[39m Got response with status 200: {"sessionId":"91bae3ee-22d3-4f66-983f-d2a440c0f1db","value":"true"}
[debug] &amp#27;[35m[W3C (17588393)]&amp#27;[39m Responding to client with driver.elementDisplayed() result: true
&amp#27;[35m[HTTP]&amp#27;[39m &amp#27;[37m<-- GET /wd/hub/session/17588393-9eac-4cd9-9399-d342c6384ea7/element/4afcbdcf-10ca-4101-8b24-771eb365fd96/displayed &amp#27;[39m&amp#27;[32m200&amp#27;[39m &amp#27;[90m13 ms - 14&amp#27;[39m
&amp#27;[35m[HTTP]&amp#27;[39m &amp#27;[90m&amp#27;[39m
&amp#27;[35m[HTTP]&amp#27;[39m &amp#27;[37m-->&amp#27;[39m &amp#27;[37mGET&amp#27;[39m &amp#27;[37m/wd/hub/session/17588393-9eac-4cd9-9399-d342c6384ea7/context&amp#27;[39m
&amp#27;[35m[HTTP]&amp#27;[39m &amp#27;[90m{}&amp#27;[39m
[debug] &amp#27;[35m[W3C (17588393)]&amp#27;[39m Calling AppiumDriver.getCurrentContext() with args: ["17588393-9eac-4cd9-9399-d342c6384ea7"]
[debug] &amp#27;[35m[W3C (17588393)]&amp#27;[39m Responding to client with driver.getCurrentContext() result: "NATIVE_APP"
&amp#27;[35m[HTTP]&amp#27;[39m &amp#27;[37m<-- GET /wd/hub/session/17588393-9eac-4cd9-9399-d342c6384ea7/context &amp#27;[39m&amp#27;[32m200&amp#27;[39m &amp#27;[90m1 ms - 22&amp#27;[39m
&amp#27;[35m[HTTP]&amp#27;[39m &amp#27;[90m&amp#27;[39m
&amp#27;[35m[HTTP]&amp#27;[39m &amp#27;[37m-->&amp#27;[39m &amp#27;[37mPOST&amp#27;[39m &amp#27;[37m/wd/hub/session/17588393-9eac-4cd9-9399-d342c6384ea7/element&amp#27;[39m
&amp#27;[35m[HTTP]&amp#27;[39m &amp#27;[90m{"using":"id","value":"com.androidsample.generalstore:id/nameField"}&amp#27;[39m
[debug] &amp#27;[35m[W3C (17588393)]&amp#27;[39m Calling AppiumDriver.findElement() with args: ["id","com.androidsample.generalstore:id/nameField","17588393-9eac-4cd9-9399-d342c6384ea7"]
[debug] &amp#27;[35m[BaseDriver]&amp#27;[39m Valid locator strategies for this request: xpath, id, class name, accessibility id, -android uiautomator
[debug] &amp#27;[35m[BaseDriver]&amp#27;[39m Waiting up to 10000 ms for condition
[debug] &amp#27;[35m[WD Proxy]&amp#27;[39m Matched '/element' to command name 'findElement'
[debug] &amp#27;[35m[WD Proxy]&amp#27;[39m Proxying [POST /element] to [POST http://127.0.0.1:8200/wd/hub/session/91bae3ee-22d3-4f66-983f-d2a440c0f1db/element] with body: {"strategy":"id","selector":"com.androidsample.generalstore:id/nameField","context":"","multiple":false}
[debug] &amp#27;[35m[WD Proxy]&amp#27;[39m Got response with status 200: {"sessionId":"91bae3ee-22d3-4f66-983f-d2a440c0f1db","value":{"ELEMENT":"4e716335-be85-45c7-a6b9-88588a129b46","element-6066-11e4-a52e-4f735466cecf":"4e716335-be85-45c7-a6b9-88588a129b46"}}
[debug] &amp#27;[35m[W3C (17588393)]&amp#27;[39m Responding to client with driver.findElement() result: {"element-6066-11e4-a52e-4f735466cecf":"4e716335-be85-45c7-a6b9-88588a129b46","ELEMENT":"4e716335-be85-45c7-a6b9-88588a129b46"}
&amp#27;[35m[HTTP]&amp#27;[39m &amp#27;[37m<-- POST /wd/hub/session/17588393-9eac-4cd9-9399-d342c6384ea7/element &amp#27;[39m&amp#27;[32m200&amp#27;[39m &amp#27;[90m23 ms - 137&amp#27;[39m
&amp#27;[35m[HTTP]&amp#27;[39m &amp#27;[90m&amp#27;[39m
&amp#27;[35m[HTTP]&amp#27;[39m &amp#27;[37m-->&amp#27;[39m &amp#27;[37mGET&amp#27;[39m &amp#27;[37m/wd/hub/session/17588393-9eac-4cd9-9399-d342c6384ea7/element/4e716335-be85-45c7-a6b9-88588a129b46/text&amp#27;[39m
&amp#27;[35m[HTTP]&amp#27;[39m &amp#27;[90m{}&amp#27;[39m
&amp#27;[35m[W3C (17588393)]&amp#27;[39m Driver proxy active, passing request on via HTTP proxy
[debug] &amp#27;[35m[WD Proxy]&amp#27;[39m Matched '/wd/hub/session/17588393-9eac-4cd9-9399-d342c6384ea7/element/4e716335-be85-45c7-a6b9-88588a129b46/text' to command name 'getText'
[debug] &amp#27;[35m[WD Proxy]&amp#27;[39m Proxying [GET /wd/hub/session/17588393-9eac-4cd9-9399-d342c6384ea7/element/4e716335-be85-45c7-a6b9-88588a129b46/text] to [GET http://127.0.0.1:8200/wd/hub/session/91bae3ee-22d3-4f66-983f-d2a440c0f1db/element/4e716335-be85-45c7-a6b9-88588a129b46/text] with no body
[debug] &amp#27;[35m[WD Proxy]&amp#27;[39m Got response with status 200: {"sessionId":"91bae3ee-22d3-4f66-983f-d2a440c0f1db","value":"Enter name here"}
&amp#27;[35m[WD Proxy]&amp#27;[39m Replacing sessionId 91bae3ee-22d3-4f66-983f-d2a440c0f1db with 17588393-9eac-4cd9-9399-d342c6384ea7
&amp#27;[35m[HTTP]&amp#27;[39m &amp#27;[37m<-- GET /wd/hub/session/17588393-9eac-4cd9-9399-d342c6384ea7/element/4e716335-be85-45c7-a6b9-88588a129b46/text &amp#27;[39m&amp#27;[32m200&amp#27;[39m &amp#27;[90m16 ms - 78&amp#27;[39m
&amp#27;[35m[HTTP]&amp#27;[39m &amp#27;[90m&amp#27;[39m
&amp#27;[35m[HTTP]&amp#27;[39m &amp#27;[37m-->&amp#27;[39m &amp#27;[37mGET&amp#27;[39m &amp#27;[37m/wd/hub/session/17588393-9eac-4cd9-9399-d342c6384ea7/context&amp#27;[39m
&amp#27;[35m[HTTP]&amp#27;[39m &amp#27;[90m{}&amp#27;[39m
[debug] &amp#27;[35m[W3C (17588393)]&amp#27;[39m Calling AppiumDriver.getCurrentContext() with args: ["17588393-9eac-4cd9-9399-d342c6384ea7"]
[debug] &amp#27;[35m[W3C (17588393)]&amp#27;[39m Responding to client with driver.getCurrentContext() result: "NATIVE_APP"
&amp#27;[35m[HTTP]&amp#27;[39m &amp#27;[37m<-- GET /wd/hub/session/17588393-9eac-4cd9-9399-d342c6384ea7/context &amp#27;[39m&amp#27;[32m200&amp#27;[39m &amp#27;[90m2 ms - 22&amp#27;[39m
&amp#27;[35m[HTTP]&amp#27;[39m &amp#27;[90m&amp#27;[39m
&amp#27;[35m[HTTP]&amp#27;[39m &amp#27;[37m-->&amp#27;[39m &amp#27;[37mPOST&amp#27;[39m &amp#27;[37m/wd/hub/session/17588393-9eac-4cd9-9399-d342c6384ea7/element&amp#27;[39m
&amp#27;[35m[HTTP]&amp#27;[39m &amp#27;[90m{"using":"id","value":"com.androidsample.generalstore:id/nameField"}&amp#27;[39m
[debug] &amp#27;[35m[W3C (17588393)]&amp#27;[39m Calling AppiumDriver.findElement() with args: ["id","com.androidsample.generalstore:id/nameField","17588393-9eac-4cd9-9399-d342c6384ea7"]
[debug] &amp#27;[35m[BaseDriver]&amp#27;[39m Valid locator strategies for this request: xpath, id, class name, accessibility id, -android uiautomator
[debug] &amp#27;[35m[BaseDriver]&amp#27;[39m Waiting up to 10000 ms for condition
[debug] &amp#27;[35m[WD Proxy]&amp#27;[39m Matched '/element' to command name 'findElement'
[debug] &amp#27;[35m[WD Proxy]&amp#27;[39m Proxying [POST /element] to [POST http://127.0.0.1:8200/wd/hub/session/91bae3ee-22d3-4f66-983f-d2a440c0f1db/element] with body: {"strategy":"id","selector":"com.androidsample.generalstore:id/nameField","context":"","multiple":false}
[debug] &amp#27;[35m[WD Proxy]&amp#27;[39m Got response with status 200: {"sessionId":"91bae3ee-22d3-4f66-983f-d2a440c0f1db","value":{"ELEMENT":"8c0803fd-2589-4d52-af27-361adde00e28","element-6066-11e4-a52e-4f735466cecf":"8c0803fd-2589-4d52-af27-361adde00e28"}}
[debug] &amp#27;[35m[W3C (17588393)]&amp#27;[39m Responding to client with driver.findElement() result: {"element-6066-11e4-a52e-4f735466cecf":"8c0803fd-2589-4d52-af27-361adde00e28","ELEMENT":"8c0803fd-2589-4d52-af27-361adde00e28"}
&amp#27;[35m[HTTP]&amp#27;[39m &amp#27;[37m<-- POST /wd/hub/session/17588393-9eac-4cd9-9399-d342c6384ea7/element &amp#27;[39m&amp#27;[32m200&amp#27;[39m &amp#27;[90m22 ms - 137&amp#27;[39m
&amp#27;[35m[HTTP]&amp#27;[39m &amp#27;[90m&amp#27;[39m
&amp#27;[35m[HTTP]&amp#27;[39m &amp#27;[37m-->&amp#27;[39m &amp#27;[37mPOST&amp#27;[39m &amp#27;[37m/wd/hub/session/17588393-9eac-4cd9-9399-d342c6384ea7/element/8c0803fd-2589-4d52-af27-361adde00e28/value&amp#27;[39m
&amp#27;[35m[HTTP]&amp#27;[39m &amp#27;[90m{"id":"8c0803fd-2589-4d52-af27-361adde00e28","text":"Joe","value":["J","o","e"]}&amp#27;[39m
[debug] &amp#27;[35m[W3C (17588393)]&amp#27;[39m Calling AppiumDriver.setValue() with args: [["J","o","e"],"8c0803fd-2589-4d52-af27-361adde00e28","17588393-9eac-4cd9-9399-d342c6384ea7"]
[debug] &amp#27;[35m[WD Proxy]&amp#27;[39m Matched '/element/8c0803fd-2589-4d52-af27-361adde00e28/value' to command name 'setValue'
[debug] &amp#27;[35m[Protocol Converter]&amp#27;[39m Added 'value' property ["J","o","e"] to 'setValue' request body
[debug] &amp#27;[35m[WD Proxy]&amp#27;[39m Proxying [POST /element/8c0803fd-2589-4d52-af27-361adde00e28/value] to [POST http://127.0.0.1:8200/wd/hub/session/91bae3ee-22d3-4f66-983f-d2a440c0f1db/element/8c0803fd-2589-4d52-af27-361adde00e28/value] with body: {"elementId":"8c0803fd-2589-4d52-af27-361adde00e28","text":"Joe","replace":false,"value":["J","o","e"]}
[debug] &amp#27;[35m[WD Proxy]&amp#27;[39m Got response with status 200: {"sessionId":"91bae3ee-22d3-4f66-983f-d2a440c0f1db","value":null}
[debug] &amp#27;[35m[W3C (17588393)]&amp#27;[39m Responding to client with driver.setValue() result: null
&amp#27;[35m[HTTP]&amp#27;[39m &amp#27;[37m<-- POST /wd/hub/session/17588393-9eac-4cd9-9399-d342c6384ea7/element/8c0803fd-2589-4d52-af27-361adde00e28/value &amp#27;[39m&amp#27;[32m200&amp#27;[39m &amp#27;[90m537 ms - 14&amp#27;[39m
&amp#27;[35m[HTTP]&amp#27;[39m &amp#27;[90m&amp#27;[39m
&amp#27;[35m[HTTP]&amp#27;[39m &amp#27;[37m-->&amp#27;[39m &amp#27;[37mGET&amp#27;[39m &amp#27;[37m/wd/hub/session/17588393-9eac-4cd9-9399-d342c6384ea7/context&amp#27;[39m
&amp#27;[35m[HTTP]&amp#27;[39m &amp#27;[90m{}&amp#27;[39m
[debug] &amp#27;[35m[W3C (17588393)]&amp#27;[39m Calling AppiumDriver.getCurrentContext() with args: ["17588393-9eac-4cd9-9399-d342c6384ea7"]
[debug] &amp#27;[35m[W3C (17588393)]&amp#27;[39m Responding to client with driver.getCurrentContext() result: "NATIVE_APP"
&amp#27;[35m[HTTP]&amp#27;[39m &amp#27;[37m<-- GET /wd/hub/session/17588393-9eac-4cd9-9399-d342c6384ea7/context &amp#27;[39m&amp#27;[32m200&amp#27;[39m &amp#27;[90m1 ms - 22&amp#27;[39m
&amp#27;[35m[HTTP]&amp#27;[39m &amp#27;[90m&amp#27;[39m
&amp#27;[35m[HTTP]&amp#27;[39m &amp#27;[37m-->&amp#27;[39m &amp#27;[37mPOST&amp#27;[39m &amp#27;[37m/wd/hub/session/17588393-9eac-4cd9-9399-d342c6384ea7/element&amp#27;[39m
&amp#27;[35m[HTTP]&amp#27;[39m &amp#27;[90m{"using":"id","value":"com.androidsample.generalstore:id/nameField"}&amp#27;[39m
[debug] &amp#27;[35m[W3C (17588393)]&amp#27;[39m Calling AppiumDriver.findElement() with args: ["id","com.androidsample.generalstore:id/nameField","17588393-9eac-4cd9-9399-d342c6384ea7"]
[debug] &amp#27;[35m[BaseDriver]&amp#27;[39m Valid locator strategies for this request: xpath, id, class name, accessibility id, -android uiautomator
[debug] &amp#27;[35m[BaseDriver]&amp#27;[39m Waiting up to 10000 ms for condition
[debug] &amp#27;[35m[WD Proxy]&amp#27;[39m Matched '/element' to command name 'findElement'
[debug] &amp#27;[35m[WD Proxy]&amp#27;[39m Proxying [POST /element] to [POST http://127.0.0.1:8200/wd/hub/session/91bae3ee-22d3-4f66-983f-d2a440c0f1db/element] with body: {"strategy":"id","selector":"com.androidsample.generalstore:id/nameField","context":"","multiple":false}
[debug] &amp#27;[35m[WD Proxy]&amp#27;[39m Got response with status 200: {"sessionId":"91bae3ee-22d3-4f66-983f-d2a440c0f1db","value":{"ELEMENT":"61314181-acf6-40f8-865d-b52cdb7019a7","element-6066-11e4-a52e-4f735466cecf":"61314181-acf6-40f8-865d-b52cdb7019a7"}}
[debug] &amp#27;[35m[W3C (17588393)]&amp#27;[39m Responding to client with driver.findElement() result: {"element-6066-11e4-a52e-4f735466cecf":"61314181-acf6-40f8-865d-b52cdb7019a7","ELEMENT":"61314181-acf6-40f8-865d-b52cdb7019a7"}
&amp#27;[35m[HTTP]&amp#27;[39m &amp#27;[37m<-- POST /wd/hub/session/17588393-9eac-4cd9-9399-d342c6384ea7/element &amp#27;[39m&amp#27;[32m200&amp#27;[39m &amp#27;[90m497 ms - 137&amp#27;[39m
&amp#27;[35m[HTTP]&amp#27;[39m &amp#27;[90m&amp#27;[39m
&amp#27;[35m[HTTP]&amp#27;[39m &amp#27;[37m-->&amp#27;[39m &amp#27;[37mGET&amp#27;[39m &amp#27;[37m/wd/hub/session/17588393-9eac-4cd9-9399-d342c6384ea7/element/61314181-acf6-40f8-865d-b52cdb7019a7/text&amp#27;[39m
&amp#27;[35m[HTTP]&amp#27;[39m &amp#27;[90m{}&amp#27;[39m
&amp#27;[35m[W3C (17588393)]&amp#27;[39m Driver proxy active, passing request on via HTTP proxy
[debug] &amp#27;[35m[WD Proxy]&amp#27;[39m Matched '/wd/hub/session/17588393-9eac-4cd9-9399-d342c6384ea7/element/61314181-acf6-40f8-865d-b52cdb7019a7/text' to command name 'getText'
[debug] &amp#27;[35m[WD Proxy]&amp#27;[39m Proxying [GET /wd/hub/session/17588393-9eac-4cd9-9399-d342c6384ea7/element/61314181-acf6-40f8-865d-b52cdb7019a7/text] to [GET http://127.0.0.1:8200/wd/hub/session/91bae3ee-22d3-4f66-983f-d2a440c0f1db/element/61314181-acf6-40f8-865d-b52cdb7019a7/text] with no body
[debug] &amp#27;[35m[WD Proxy]&amp#27;[39m Got response with status 200: {"sessionId":"91bae3ee-22d3-4f66-983f-d2a440c0f1db","value":"Joe"}
&amp#27;[35m[WD Proxy]&amp#27;[39m Replacing sessionId 91bae3ee-22d3-4f66-983f-d2a440c0f1db with 17588393-9eac-4cd9-9399-d342c6384ea7
&amp#27;[35m[HTTP]&amp#27;[39m &amp#27;[37m<-- GET /wd/hub/session/17588393-9eac-4cd9-9399-d342c6384ea7/element/61314181-acf6-40f8-865d-b52cdb7019a7/text &amp#27;[39m&amp#27;[32m200&amp#27;[39m &amp#27;[90m11 ms - 66&amp#27;[39m
&amp#27;[35m[HTTP]&amp#27;[39m &amp#27;[90m&amp#27;[39m
]]></system-out>
  </testcase>
  <testcase name="genderSelect" classname="test.AppiumFramework.HomeTest" time="0.257">
    <system-out><![CDATA[&amp#27;[35m[HTTP]&amp#27;[39m &amp#27;[37m-->&amp#27;[39m &amp#27;[37mGET&amp#27;[39m &amp#27;[37m/wd/hub/session/17588393-9eac-4cd9-9399-d342c6384ea7/context&amp#27;[39m
&amp#27;[35m[HTTP]&amp#27;[39m &amp#27;[90m{}&amp#27;[39m
[debug] &amp#27;[35m[W3C (17588393)]&amp#27;[39m Calling AppiumDriver.getCurrentContext() with args: ["17588393-9eac-4cd9-9399-d342c6384ea7"]
[debug] &amp#27;[35m[W3C (17588393)]&amp#27;[39m Responding to client with driver.getCurrentContext() result: "NATIVE_APP"
&amp#27;[35m[HTTP]&amp#27;[39m &amp#27;[37m<-- GET /wd/hub/session/17588393-9eac-4cd9-9399-d342c6384ea7/context &amp#27;[39m&amp#27;[32m200&amp#27;[39m &amp#27;[90m1 ms - 22&amp#27;[39m
&amp#27;[35m[HTTP]&amp#27;[39m &amp#27;[90m&amp#27;[39m
&amp#27;[35m[HTTP]&amp#27;[39m &amp#27;[37m-->&amp#27;[39m &amp#27;[37mPOST&amp#27;[39m &amp#27;[37m/wd/hub/session/17588393-9eac-4cd9-9399-d342c6384ea7/element&amp#27;[39m
&amp#27;[35m[HTTP]&amp#27;[39m &amp#27;[90m{"using":"xpath","value":"//android.widget.TextView[@text=\"Gender\"]"}&amp#27;[39m
[debug] &amp#27;[35m[W3C (17588393)]&amp#27;[39m Calling AppiumDriver.findElement() with args: ["xpath","//android.widget.TextView[@text=\"Gender\"]","17588393-9eac-4cd9-9399-d342c6384ea7"]
[debug] &amp#27;[35m[BaseDriver]&amp#27;[39m Valid locator strategies for this request: xpath, id, class name, accessibility id, -android uiautomator
[debug] &amp#27;[35m[BaseDriver]&amp#27;[39m Waiting up to 10000 ms for condition
[debug] &amp#27;[35m[WD Proxy]&amp#27;[39m Matched '/element' to command name 'findElement'
[debug] &amp#27;[35m[WD Proxy]&amp#27;[39m Proxying [POST /element] to [POST http://127.0.0.1:8200/wd/hub/session/91bae3ee-22d3-4f66-983f-d2a440c0f1db/element] with body: {"strategy":"xpath","selector":"//android.widget.TextView[@text=\"Gender\"]","context":"","multiple":false}
[debug] &amp#27;[35m[WD Proxy]&amp#27;[39m Got response with status 200: {"sessionId":"91bae3ee-22d3-4f66-983f-d2a440c0f1db","value":{"ELEMENT":"ec371361-deaf-4d89-ad52-d823185cc045","element-6066-11e4-a52e-4f735466cecf":"ec371361-deaf-4d89-ad52-d823185cc045"}}
[debug] &amp#27;[35m[W3C (17588393)]&amp#27;[39m Responding to client with driver.findElement() result: {"element-6066-11e4-a52e-4f735466cecf":"ec371361-deaf-4d89-ad52-d823185cc045","ELEMENT":"ec371361-deaf-4d89-ad52-d823185cc045"}
&amp#27;[35m[HTTP]&amp#27;[39m &amp#27;[37m<-- POST /wd/hub/session/17588393-9eac-4cd9-9399-d342c6384ea7/element &amp#27;[39m&amp#27;[32m200&amp#27;[39m &amp#27;[90m95 ms - 137&amp#27;[39m
[...]
[debug] &amp#27;[35m[W3C (17588393)]&amp#27;[39m Responding to client with driver.getAttribute() result: "Please enter your name"
&amp#27;[35m[HTTP]&amp#27;[39m &amp#27;[37m<-- GET /wd/hub/session/17588393-9eac-4cd9-9399-d342c6384ea7/element/ba78d59d-8bf7-401c-bdd9-7799ce372446/attribute/name &amp#27;[39m&amp#27;[32m200&amp#27;[39m &amp#27;[90m544 ms - 34&amp#27;[39m
&amp#27;[35m[HTTP]&amp#27;[39m &amp#27;[90m&amp#27;[39m
&amp#27;[35m[HTTP]&amp#27;[39m &amp#27;[37m-->&amp#27;[39m &amp#27;[37mGET&amp#27;[39m &amp#27;[37m/wd/hub/session/17588393-9eac-4cd9-9399-d342c6384ea7/context&amp#27;[39m
&amp#27;[35m[HTTP]&amp#27;[39m &amp#27;[90m{}&amp#27;[39m
[debug] &amp#27;[35m[W3C (17588393)]&amp#27;[39m Calling AppiumDriver.getCurrentContext() with args: ["17588393-9eac-4cd9-9399-d342c6384ea7"]
[debug] &amp#27;[35m[W3C (17588393)]&amp#27;[39m Responding to client with driver.getCurrentContext() result: "NATIVE_APP"
&amp#27;[35m[HTTP]&amp#27;[39m &amp#27;[37m<-- GET /wd/hub/session/17588393-9eac-4cd9-9399-d342c6384ea7/context &amp#27;[39m&amp#27;[32m200&amp#27;[39m &amp#27;[90m1 ms - 22&amp#27;[39m
&amp#27;[35m[HTTP]&amp#27;[39m &amp#27;[90m&amp#27;[39m
&amp#27;[35m[HTTP]&amp#27;[39m &amp#27;[37m-->&amp#27;[39m &amp#27;[37mPOST&amp#27;[39m &amp#27;[37m/wd/hub/session/17588393-9eac-4cd9-9399-d342c6384ea7/element&amp#27;[39m
&amp#27;[35m[HTTP]&amp#27;[39m &amp#27;[90m{"using":"class name","value":"android.widget.Spinner"}&amp#27;[39m
[debug] &amp#27;[35m[W3C (17588393)]&amp#27;[39m Calling AppiumDriver.findElement() with args: ["class name","android.widget.Spinner","17588393-9eac-4cd9-9399-d342c6384ea7"]
[debug] &amp#27;[35m[BaseDriver]&amp#27;[39m Valid locator strategies for this request: xpath, id, class name, accessibility id, -android uiautomator
[debug] &amp#27;[35m[BaseDriver]&amp#27;[39m Waiting up to 10000 ms for condition
[debug] &amp#27;[35m[WD Proxy]&amp#27;[39m Matched '/element' to command name 'findElement'
[debug] &amp#27;[35m[WD Proxy]&amp#27;[39m Proxying [POST /element] to [POST http://127.0.0.1:8200/wd/hub/session/91bae3ee-22d3-4f66-983f-d2a440c0f1db/element] with body: {"strategy":"class name","selector":"android.widget.Spinner","context":"","multiple":false}
[debug] &amp#27;[35m[WD Proxy]&amp#27;[39m Got response with status 200: {"sessionId":"91bae3ee-22d3-4f66-983f-d2a440c0f1db","value":{"ELEMENT":"e1e9be59-559d-4214-a360-24b6d2efcbd7","element-6066-11e4-a52e-4f735466cecf":"e1e9be59-559d-4214-a360-24b6d2efcbd7"}}
[debug] &amp#27;[35m[W3C (17588393)]&amp#27;[39m Responding to client with driver.findElement() result: {"element-6066-11e4-a52e-4f735466cecf":"e1e9be59-559d-4214-a360-24b6d2efcbd7","ELEMENT":"e1e9be59-559d-4214-a360-24b6d2efcbd7"}
&amp#27;[35m[HTTP]&amp#27;[39m &amp#27;[37m<-- POST /wd/hub/session/17588393-9eac-4cd9-9399-d342c6384ea7/element &amp#27;[39m&amp#27;[32m200&amp#27;[39m &amp#27;[90m13 ms - 137&amp#27;[39m
&amp#27;[35m[HTTP]&amp#27;[39m &amp#27;[90m&amp#27;[39m
&amp#27;[35m[HTTP]&amp#27;[39m &amp#27;[37m-->&amp#27;[39m &amp#27;[37mPOST&amp#27;[39m &amp#27;[37m/wd/hub/session/17588393-9eac-4cd9-9399-d342c6384ea7/element/e1e9be59-559d-4214-a360-24b6d2efcbd7/click&amp#27;[39m
&amp#27;[35m[HTTP]&amp#27;[39m &amp#27;[90m{"id":"e1e9be59-559d-4214-a360-24b6d2efcbd7"}&amp#27;[39m
[debug] &amp#27;[35m[W3C (17588393)]&amp#27;[39m Calling AppiumDriver.click() with args: ["e1e9be59-559d-4214-a360-24b6d2efcbd7","17588393-9eac-4cd9-9399-d342c6384ea7"]
[debug] &amp#27;[35m[WD Proxy]&amp#27;[39m Matched '/element/e1e9be59-559d-4214-a360-24b6d2efcbd7/click' to command name 'click'
[debug] &amp#27;[35m[WD Proxy]&amp#27;[39m Proxying [POST /element/e1e9be59-559d-4214-a360-24b6d2efcbd7/click] to [POST http://127.0.0.1:8200/wd/hub/session/91bae3ee-22d3-4f66-983f-d2a440c0f1db/element/e1e9be59-559d-4214-a360-24b6d2efcbd7/click] with body: {"element":"e1e9be59-559d-4214-a360-24b6d2efcbd7"}
[debug] &amp#27;[35m[WD Proxy]&amp#27;[39m Got response with status 200: {"sessionId":"91bae3ee-22d3-4f66-983f-d2a440c0f1db","value":null}
[debug] &amp#27;[35m[W3C (17588393)]&amp#27;[39m Responding to client with driver.click() result: null
&amp#27;[35m[HTTP]&amp#27;[39m &amp#27;[37m<-- POST /wd/hub/session/17588393-9eac-4cd9-9399-d342c6384ea7/element/e1e9be59-559d-4214-a360-24b6d2efcbd7/click &amp#27;[39m&amp#27;[32m200&amp#27;[39m &amp#27;[90m17 ms - 14&amp#27;[39m
&amp#27;[35m[HTTP]&amp#27;[39m &amp#27;[90m&amp#27;[39m
&amp#27;[35m[HTTP]&amp#27;[39m &amp#27;[37m-->&amp#27;[39m &amp#27;[37mPOST&amp#27;[39m &amp#27;[37m/wd/hub/session/17588393-9eac-4cd9-9399-d342c6384ea7/element&amp#27;[39m
&amp#27;[35m[HTTP]&amp#27;[39m &amp#27;[90m{"using":"-android uiautomator","value":"new UiScrollable(new UiSelector().scrollable(true)).scrollToBeginning(30)"}&amp#27;[39m
[debug] &amp#27;[35m[W3C (17588393)]&amp#27;[39m Calling AppiumDriver.findElement() with args: ["-android uiautomator","new UiScrollable(new UiSelector().scrollable(true)).scrollToBeginning(30)","17588393-9eac-4cd9-9399-d342c6384ea7"]
[debug] &amp#27;[35m[BaseDriver]&amp#27;[39m Valid locator strategies for this request: xpath, id, class name, accessibility id, -android uiautomator
[debug] &amp#27;[35m[BaseDriver]&amp#27;[39m Waiting up to 10000 ms for condition
[debug] &amp#27;[35m[WD Proxy]&amp#27;[39m Matched '/element' to command name 'findElement'
[debug] &amp#27;[35m[WD Proxy]&amp#27;[39m Proxying [POST /element] to [POST http://127.0.0.1:8200/wd/hub/session/91bae3ee-22d3-4f66-983f-d2a440c0f1db/element] with body: {"strategy":"-android uiautomator","selector":"new UiScrollable(new UiSelector().scrollable(true)).scrollToBeginning(30)","context":"","multiple":false}
[debug] &amp#27;[35m[WD Proxy]&amp#27;[39m Got response with status 200: {"sessionId":"91bae3ee-22d3-4f66-983f-d2a440c0f1db","value":{"ELEMENT":"c2afe9c2-df73-4474-a502-a12a965ea92e","element-6066-11e4-a52e-4f735466cecf":"c2afe9c2-df73-4474-a502-a12a965ea92e"}}
[debug] &amp#27;[35m[W3C (17588393)]&amp#27;[39m Responding to client with driver.findElement() result: {"element-6066-11e4-a52e-4f735466cecf":"c2afe9c2-df73-4474-a502-a12a965ea92e","ELEMENT":"c2afe9c2-df73-4474-a502-a12a965ea92e"}
&amp#27;[35m[HTTP]&amp#27;[39m &amp#27;[37m<-- POST /wd/hub/session/17588393-9eac-4cd9-9399-d342c6384ea7/element &amp#27;[39m&amp#27;[32m200&amp#27;[39m &amp#27;[90m2543 ms - 137&amp#27;[39m
&amp#27;[35m[HTTP]&amp#27;[39m &amp#27;[90m&amp#27;[39m
&amp#27;[35m[HTTP]&amp#27;[39m &amp#27;[37m-->&amp#27;[39m &amp#27;[37mPOST&amp#27;[39m &amp#27;[37m/wd/hub/session/17588393-9eac-4cd9-9399-d342c6384ea7/element&amp#27;[39m
&amp#27;[35m[HTTP]&amp#27;[39m &amp#27;[90m{"using":"-android uiautomator","value":"new UiScrollable(new UiSelector()).setMaxSearchSwipes(100).scrollIntoView(new UiSelector().textMatches(\"Afghanistan\"))"}&amp#27;[39m
[debug] &amp#27;[35m[W3C (17588393)]&amp#27;[39m Calling AppiumDriver.findElement() with args: ["-android uiautomator","new UiScrollable(new UiSelector()).setMaxSearchSwipes(100).scrollIntoView(new UiSelector().textMatches(\"Afghanistan\"))","17588393-9eac-4cd9-9399-d342c6384ea7"]
[debug] &amp#27;[35m[BaseDriver]&amp#27;[39m Valid locator strategies for this request: xpath, id, class name, accessibility id, -android uiautomator
[debug] &amp#27;[35m[BaseDriver]&amp#27;[39m Waiting up to 10000 ms for condition
[debug] &amp#27;[35m[WD Proxy]&amp#27;[39m Matched '/element' to command name 'findElement'
[debug] &amp#27;[35m[WD Proxy]&amp#27;[39m Proxying [POST /element] to [POST http://127.0.0.1:8200/wd/hub/session/91bae3ee-22d3-4f66-983f-d2a440c0f1db/element] with body: {"strategy":"-android uiautomator","selector":"new UiScrollable(new UiSelector()).setMaxSearchSwipes(100).scrollIntoView(new UiSelector().textMatches(\"Afghanistan\"))","context":"","multiple":false}
[debug] &amp#27;[35m[WD Proxy]&amp#27;[39m Got response with status 200: {"sessionId":"91bae3ee-22d3-4f66-983f-d2a440c0f1db","value":{"ELEMENT":"ac70201c-ec30-4dc2-a8f3-45ce7b9eb3a2","element-6066-11e4-a52e-4f735466cecf":"ac70201c-ec30-4dc2-a8f3-45ce7b9eb3a2"}}
[debug] &amp#27;[35m[W3C (17588393)]&amp#27;[39m Responding to client with driver.findElement() result: {"element-6066-11e4-a52e-4f735466cecf":"ac70201c-ec30-4dc2-a8f3-45ce7b9eb3a2","ELEMENT":"ac70201c-ec30-4dc2-a8f3-45ce7b9eb3a2"}
&amp#27;[35m[HTTP]&amp#27;[39m &amp#27;[37m<-- POST /wd/hub/session/17588393-9eac-4cd9-9399-d342c6384ea7/element &amp#27;[39m&amp#27;[32m200&amp#27;[39m &amp#27;[90m42 ms - 137&amp#27;[39m
&amp#27;[35m[HTTP]&amp#27;[39m &amp#27;[90m&amp#27;[39m
&amp#27;[35m[HTTP]&amp#27;[39m &amp#27;[37m-->&amp#27;[39m &amp#27;[37mPOST&amp#27;[39m &amp#27;[37m/wd/hub/session/17588393-9eac-4cd9-9399-d342c6384ea7/element&amp#27;[39m
&amp#27;[35m[HTTP]&amp#27;[39m &amp#27;[90m{"using":"xpath","value":"//*[@text=\"Afghanistan\"]"}&amp#27;[39m
[debug] &amp#27;[35m[W3C (17588393)]&amp#27;[39m Calling AppiumDriver.findElement() with args: ["xpath","//*[@text=\"Afghanistan\"]","17588393-9eac-4cd9-9399-d342c6384ea7"]
[debug] &amp#27;[35m[BaseDriver]&amp#27;[39m Valid locator strategies for this request: xpath, id, class name, accessibility id, -android uiautomator
[debug] &amp#27;[35m[BaseDriver]&amp#27;[39m Waiting up to 10000 ms for condition
[debug] &amp#27;[35m[WD Proxy]&amp#27;[39m Matched '/element' to command name 'findElement'
[debug] &amp#27;[35m[WD Proxy]&amp#27;[39m Proxying [POST /element] to [POST http://127.0.0.1:8200/wd/hub/session/91bae3ee-22d3-4f66-983f-d2a440c0f1db/element] with body: {"strategy":"xpath","selector":"//*[@text=\"Afghanistan\"]","context":"","multiple":false}
[debug] &amp#27;[35m[WD Proxy]&amp#27;[39m Got response with status 200: {"sessionId":"91bae3ee-22d3-4f66-983f-d2a440c0f1db","value":{"ELEMENT":"1b1b7d91-01ae-4168-9526-c67647e4cb1d","element-6066-11e4-a52e-4f735466cecf":"1b1b7d91-01ae-4168-9526-c67647e4cb1d"}}
[debug] &amp#27;[35m[W3C (17588393)]&amp#27;[39m Responding to client with driver.findElement() result: {"element-6066-11e4-a52e-4f735466cecf":"1b1b7d91-01ae-4168-9526-c67647e4cb1d","ELEMENT":"1b1b7d91-01ae-4168-9526-c67647e4cb1d"}
&amp#27;[35m[HTTP]&amp#27;[39m &amp#27;[37m<-- POST /wd/hub/session/17588393-9eac-4cd9-9399-d342c6384ea7/element &amp#27;[39m&amp#27;[32m200&amp#27;[39m &amp#27;[90m60 ms - 137&amp#27;[39m
&amp#27;[35m[HTTP]&amp#27;[39m &amp#27;[90m&amp#27;[39m
&amp#27;[35m[HTTP]&amp#27;[39m &amp#27;[37m-->&amp#27;[39m &amp#27;[37mPOST&amp#27;[39m &amp#27;[37m/wd/hub/session/17588393-9eac-4cd9-9399-d342c6384ea7/element/1b1b7d91-01ae-4168-9526-c67647e4cb1d/click&amp#27;[39m
&amp#27;[35m[HTTP]&amp#27;[39m &amp#27;[90m{"id":"1b1b7d91-01ae-4168-9526-c67647e4cb1d"}&amp#27;[39m
[debug] &amp#27;[35m[W3C (17588393)]&amp#27;[39m Calling AppiumDriver.click() with args: ["1b1b7d91-01ae-4168-9526-c67647e4cb1d","17588393-9eac-4cd9-9399-d342c6384ea7"]
[debug] &amp#27;[35m[WD Proxy]&amp#27;[39m Matched '/element/1b1b7d91-01ae-4168-9526-c67647e4cb1d/click' to command name 'click'
[debug] &amp#27;[35m[WD Proxy]&amp#27;[39m Proxying [POST /element/1b1b7d91-01ae-4168-9526-c67647e4cb1d/click] to [POST http://127.0.0.1:8200/wd/hub/session/91bae3ee-22d3-4f66-983f-d2a440c0f1db/element/1b1b7d91-01ae-4168-9526-c67647e4cb1d/click] with body: {"element":"1b1b7d91-01ae-4168-9526-c67647e4cb1d"}
[debug] &amp#27;[35m[WD Proxy]&amp#27;[39m Got response with status 200: {"sessionId":"91bae3ee-22d3-4f66-983f-d2a440c0f1db","value":null}
[debug] &amp#27;[35m[W3C (17588393)]&amp#27;[39m Responding to client with driver.click() result: null
&amp#27;[35m[HTTP]&amp#27;[39m &amp#27;[37m<-- POST /wd/hub/session/17588393-9eac-4cd9-9399-d342c6384ea7/element/1b1b7d91-01ae-4168-9526-c67647e4cb1d/click &amp#27;[39m&amp#27;[32m200&amp#27;[39m &amp#27;[90m673 ms - 14&amp#27;[39m
&amp#27;[35m[HTTP]&amp#27;[39m &amp#27;[90m&amp#27;[39m
&amp#27;[35m[HTTP]&amp#27;[39m &amp#27;[37m-->&amp#27;[39m &amp#27;[37mGET&amp#27;[39m &amp#27;[37m/wd/hub/session/17588393-9eac-4cd9-9399-d342c6384ea7/context&amp#27;[39m
&amp#27;[35m[HTTP]&amp#27;[39m &amp#27;[90m{}&amp#27;[39m
[debug] &amp#27;[35m[W3C (17588393)]&amp#27;[39m Calling AppiumDriver.getCurrentContext() with args: ["17588393-9eac-4cd9-9399-d342c6384ea7"]
[debug] &amp#27;[35m[W3C (17588393)]&amp#27;[39m Responding to client with driver.getCurrentContext() result: "NATIVE_APP"
&amp#27;[35m[HTTP]&amp#27;[39m &amp#27;[37m<-- GET /wd/hub/session/17588393-9eac-4cd9-9399-d342c6384ea7/context &amp#27;[39m&amp#27;[32m200&amp#27;[39m &amp#27;[90m1 ms - 22&amp#27;[39m
&amp#27;[35m[HTTP]&amp#27;[39m &amp#27;[90m&amp#27;[39m
&amp#27;[35m[HTTP]&amp#27;[39m &amp#27;[37m-->&amp#27;[39m &amp#27;[37mPOST&amp#27;[39m &amp#27;[37m/wd/hub/session/17588393-9eac-4cd9-9399-d342c6384ea7/element&amp#27;[39m
&amp#27;[35m[HTTP]&amp#27;[39m &amp#27;[90m{"using":"id","value":"com.androidsample.generalstore:id/nameField"}&amp#27;[39m
[debug] &amp#27;[35m[W3C (17588393)]&amp#27;[39m Calling AppiumDriver.findElement() with args: ["id","com.androidsample.generalstore:id/nameField","17588393-9eac-4cd9-9399-d342c6384ea7"]
[debug] &amp#27;[35m[BaseDriver]&amp#27;[39m Valid locator strategies for this request: xpath, id, class name, accessibility id, -android uiautomator
[debug] &amp#27;[35m[BaseDriver]&amp#27;[39m Waiting up to 10000 ms for condition
[debug] &amp#27;[35m[WD Proxy]&amp#27;[39m Matched '/element' to command name 'findElement'
[debug] &amp#27;[35m[WD Proxy]&amp#27;[39m Proxying [POST /element] to [POST http://127.0.0.1:8200/wd/hub/session/91bae3ee-22d3-4f66-983f-d2a440c0f1db/element] with body: {"strategy":"id","selector":"com.androidsample.generalstore:id/nameField","context":"","multiple":false}
[debug] &amp#27;[35m[WD Proxy]&amp#27;[39m Got response with status 200: {"sessionId":"91bae3ee-22d3-4f66-983f-d2a440c0f1db","value":{"ELEMENT":"a82160be-9b2e-40d6-a4f3-9697b64c71f1","element-6066-11e4-a52e-4f735466cecf":"a82160be-9b2e-40d6-a4f3-9697b64c71f1"}}
[debug] &amp#27;[35m[W3C (17588393)]&amp#27;[39m Responding to client with driver.findElement() result: {"element-6066-11e4-a52e-4f735466cecf":"a82160be-9b2e-40d6-a4f3-9697b64c71f1","ELEMENT":"a82160be-9b2e-40d6-a4f3-9697b64c71f1"}
&amp#27;[35m[HTTP]&amp#27;[39m &amp#27;[37m<-- POST /wd/hub/session/17588393-9eac-4cd9-9399-d342c6384ea7/element &amp#27;[39m&amp#27;[32m200&amp#27;[39m &amp#27;[90m14 ms - 137&amp#27;[39m
&amp#27;[35m[HTTP]&amp#27;[39m &amp#27;[90m&amp#27;[39m
&amp#27;[35m[HTTP]&amp#27;[39m &amp#27;[37m-->&amp#27;[39m &amp#27;[37mPOST&amp#27;[39m &amp#27;[37m/wd/hub/session/17588393-9eac-4cd9-9399-d342c6384ea7/element/a82160be-9b2e-40d6-a4f3-9697b64c71f1/clear&amp#27;[39m
&amp#27;[35m[HTTP]&amp#27;[39m &amp#27;[90m{"id":"a82160be-9b2e-40d6-a4f3-9697b64c71f1"}&amp#27;[39m
[debug] &amp#27;[35m[W3C (17588393)]&amp#27;[39m Calling AppiumDriver.clear() with args: ["a82160be-9b2e-40d6-a4f3-9697b64c71f1","17588393-9eac-4cd9-9399-d342c6384ea7"]
[debug] &amp#27;[35m[WD Proxy]&amp#27;[39m Matched '/element/a82160be-9b2e-40d6-a4f3-9697b64c71f1/clear' to command name 'clear'
[debug] &amp#27;[35m[WD Proxy]&amp#27;[39m Proxying [POST /element/a82160be-9b2e-40d6-a4f3-9697b64c71f1/clear] to [POST http://127.0.0.1:8200/wd/hub/session/91bae3ee-22d3-4f66-983f-d2a440c0f1db/element/a82160be-9b2e-40d6-a4f3-9697b64c71f1/clear] with body: {"elementId":"a82160be-9b2e-40d6-a4f3-9697b64c71f1"}
[debug] &amp#27;[35m[WD Proxy]&amp#27;[39m Got response with status 200: {"sessionId":"91bae3ee-22d3-4f66-983f-d2a440c0f1db","value":null}
[debug] &amp#27;[35m[W3C (17588393)]&amp#27;[39m Responding to client with driver.clear() result: null
&amp#27;[35m[HTTP]&amp#27;[39m &amp#27;[37m<-- POST /wd/hub/session/17588393-9eac-4cd9-9399-d342c6384ea7/element/a82160be-9b2e-40d6-a4f3-9697b64c71f1/clear &amp#27;[39m&amp#27;[32m200&amp#27;[39m &amp#27;[90m15 ms - 14&amp#27;[39m
&amp#27;[35m[HTTP]&amp#27;[39m &amp#27;[90m&amp#27;[39m
&amp#27;[35m[HTTP]&amp#27;[39m &amp#27;[37m-->&amp#27;[39m &amp#27;[37mGET&amp#27;[39m &amp#27;[37m/wd/hub/session/17588393-9eac-4cd9-9399-d342c6384ea7/context&amp#27;[39m
&amp#27;[35m[HTTP]&amp#27;[39m &amp#27;[90m{}&amp#27;[39m
[debug] &amp#27;[35m[W3C (17588393)]&amp#27;[39m Calling AppiumDriver.getCurrentContext() with args: ["17588393-9eac-4cd9-9399-d342c6384ea7"]
[debug] &amp#27;[35m[W3C (17588393)]&amp#27;[39m Responding to client with driver.getCurrentContext() result: "NATIVE_APP"
&amp#27;[35m[HTTP]&amp#27;[39m &amp#27;[37m<-- GET /wd/hub/session/17588393-9eac-4cd9-9399-d342c6384ea7/context &amp#27;[39m&amp#27;[32m200&amp#27;[39m &amp#27;[90m1 ms - 22&amp#27;[39m
&amp#27;[35m[HTTP]&amp#27;[39m &amp#27;[90m&amp#27;[39m
&amp#27;[35m[HTTP]&amp#27;[39m &amp#27;[37m-->&amp#27;[39m &amp#27;[37mPOST&amp#27;[39m &amp#27;[37m/wd/hub/session/17588393-9eac-4cd9-9399-d342c6384ea7/element&amp#27;[39m
&amp#27;[35m[HTTP]&amp#27;[39m &amp#27;[90m{"using":"id","value":"com.androidsample.generalstore:id/radioMale"}&amp#27;[39m
[debug] &amp#27;[35m[W3C (17588393)]&amp#27;[39m Calling AppiumDriver.findElement() with args: ["id","com.androidsample.generalstore:id/radioMale","17588393-9eac-4cd9-9399-d342c6384ea7"]
[debug] &amp#27;[35m[BaseDriver]&amp#27;[39m Valid locator strategies for this request: xpath, id, class name, accessibility id, -android uiautomator
[debug] &amp#27;[35m[BaseDriver]&amp#27;[39m Waiting up to 10000 ms for condition
[debug] &amp#27;[35m[WD Proxy]&amp#27;[39m Matched '/element' to command name 'findElement'
[debug] &amp#27;[35m[WD Proxy]&amp#27;[39m Proxying [POST /element] to [POST http://127.0.0.1:8200/wd/hub/session/91bae3ee-22d3-4f66-983f-d2a440c0f1db/element] with body: {"strategy":"id","selector":"com.androidsample.generalstore:id/radioMale","context":"","multiple":false}
[debug] &amp#27;[35m[WD Proxy]&amp#27;[39m Got response with status 200: {"sessionId":"91bae3ee-22d3-4f66-983f-d2a440c0f1db","value":{"ELEMENT":"d952a8cf-d5de-4eac-8282-5042cdbf0469","element-6066-11e4-a52e-4f735466cecf":"d952a8cf-d5de-4eac-8282-5042cdbf0469"}}
[debug] &amp#27;[35m[W3C (17588393)]&amp#27;[39m Responding to client with driver.findElement() result: {"element-6066-11e4-a52e-4f735466cecf":"d952a8cf-d5de-4eac-8282-5042cdbf0469","ELEMENT":"d952a8cf-d5de-4eac-8282-5042cdbf0469"}
&amp#27;[35m[HTTP]&amp#27;[39m &amp#27;[37m<-- POST /wd/hub/session/17588393-9eac-4cd9-9399-d342c6384ea7/element &amp#27;[39m&amp#27;[32m200&amp#27;[39m &amp#27;[90m16 ms - 137&amp#27;[39m
&amp#27;[35m[HTTP]&amp#27;[39m &amp#27;[90m&amp#27;[39m
&amp#27;[35m[HTTP]&amp#27;[39m &amp#27;[37m-->&amp#27;[39m &amp#27;[37mPOST&amp#27;[39m &amp#27;[37m/wd/hub/session/17588393-9eac-4cd9-9399-d342c6384ea7/element/d952a8cf-d5de-4eac-8282-5042cdbf0469/click&amp#27;[39m
&amp#27;[35m[HTTP]&amp#27;[39m &amp#27;[90m{"id":"d952a8cf-d5de-4eac-8282-5042cdbf0469"}&amp#27;[39m
[debug] &amp#27;[35m[W3C (17588393)]&amp#27;[39m Calling AppiumDriver.click() with args: ["d952a8cf-d5de-4eac-8282-5042cdbf0469","17588393-9eac-4cd9-9399-d342c6384ea7"]
[debug] &amp#27;[35m[WD Proxy]&amp#27;[39m Matched '/element/d952a8cf-d5de-4eac-8282-5042cdbf0469/click' to command name 'click'
[debug] &amp#27;[35m[WD Proxy]&amp#27;[39m Proxying [POST /element/d952a8cf-d5de-4eac-8282-5042cdbf0469/click] to [POST http://127.0.0.1:8200/wd/hub/session/91bae3ee-22d3-4f66-983f-d2a440c0f1db/element/d952a8cf-d5de-4eac-8282-5042cdbf0469/click] with body: {"element":"d952a8cf-d5de-4eac-8282-5042cdbf0469"}
[debug] &amp#27;[35m[WD Proxy]&amp#27;[39m Got response with status 200: {"sessionId":"91bae3ee-22d3-4f66-983f-d2a440c0f1db","value":null}
[debug] &amp#27;[35m[W3C (17588393)]&amp#27;[39m Responding to client with driver.click() result: null
&amp#27;[35m[HTTP]&amp#27;[39m &amp#27;[37m<-- POST /wd/hub/session/17588393-9eac-4cd9-9399-d342c6384ea7/element/d952a8cf-d5de-4eac-8282-5042cdbf0469/click &amp#27;[39m&amp#27;[32m200&amp#27;[39m &amp#27;[90m487 ms - 14&amp#27;[39m
&amp#27;[35m[HTTP]&amp#27;[39m &amp#27;[90m&amp#27;[39m
]]></system-out>
  </testcase>
</testsuite>