<?xml version="1.0" encoding="UTF-8"?>
<testng-results ignored="0" total="19" passed="0" failed="0" skipped="19">
  <reporter-output>
  </reporter-output>
  <suite started-at="2020-10-13T20:29:30 EDT" name="Suite" finished-at="2020-10-13T20:29:31 EDT" duration-ms="435">
    <groups>
    </groups>
    <test started-at="2020-10-13T20:29:30 EDT" name="Home Page Test" finished-at="2020-10-13T20:29:30 EDT" duration-ms="31">
      <class name="test.AppiumFramework.HomeTest">
        <test-method is-config="true" signature="initMethod()[pri:0, instance:test.AppiumFramework.HomeTest@272113c4]" started-at="2020-10-13T20:29:30 EDT" name="initMethod" finished-at="1969-12-31T19:00:00 EST" duration-ms="-1602635370770" status="SKIP">
          <reporter-output>
          </reporter-output>
        </test-method> <!-- initMethod -->
        <test-method signature="pageTitle(java.lang.String)[pri:1, instance:test.AppiumFramework.HomeTest@272113c4]" started-at="2020-10-13T20:29:30 EDT" name="pageTitle" finished-at="2020-10-13T20:29:30 EDT" duration-ms="0" status="SKIP">
          <params>
            <param index="0">
              <value>
                <![CDATA[General Store]]>
              </value>
            </param>
          </params>
          <reporter-output>
          </reporter-output>
        </test-method> <!-- pageTitle -->
        <test-method signature="dropdownLabel()[pri:2, instance:test.AppiumFramework.HomeTest@272113c4]" started-at="2020-10-13T20:29:30 EDT" name="dropdownLabel" finished-at="2020-10-13T20:29:30 EDT" duration-ms="0" status="SKIP">
          <reporter-output>
          </reporter-output>
        </test-method> <!-- dropdownLabel -->
        <test-method signature="nameField(java.lang.String, java.lang.String)[pri:4, instance:test.AppiumFramework.HomeTest@272113c4]" started-at="2020-10-13T20:29:30 EDT" name="nameField" finished-at="2020-10-13T20:29:30 EDT" duration-ms="0" status="SKIP">
          <params>
            <param index="0">
              <value>
                <![CDATA[Enter name here]]>
              </value>
            </param>
            <param index="1">
              <value>
                <![CDATA[Joe]]>
              </value>
            </param>
          </params>
          <reporter-output>
          </reporter-output>
        </test-method> <!-- nameField -->
        <test-method signature="selectCountry(java.lang.String)[pri:3, instance:test.AppiumFramework.HomeTest@272113c4]" started-at="2020-10-13T20:29:30 EDT" name="selectCountry" finished-at="2020-10-13T20:29:30 EDT" duration-ms="0" status="SKIP">
          <params>
            <param index="0">
              <value>
                <![CDATA[Algeria]]>
              </value>
            </param>
          </params>
          <reporter-output>
          </reporter-output>
        </test-method> <!-- selectCountry -->
        <test-method signature="genderSelect()[pri:5, instance:test.AppiumFramework.HomeTest@272113c4]" started-at="2020-10-13T20:29:30 EDT" name="genderSelect" finished-at="2020-10-13T20:29:30 EDT" duration-ms="0" status="SKIP">
          <reporter-output>
          </reporter-output>
        </test-method> <!-- genderSelect -->
        <test-method signature="toastMsg(java.lang.String)[pri:6, instance:test.AppiumFramework.HomeTest@272113c4]" started-at="2020-10-13T20:29:30 EDT" name="toastMsg" finished-at="2020-10-13T20:29:30 EDT" duration-ms="0" status="SKIP">
          <params>
            <param index="0">
              <value>
                <![CDATA[Please enter your name]]>
              </value>
            </param>
          </params>
          <reporter-output>
          </reporter-output>
        </test-method> <!-- toastMsg -->
        <test-method signature="login(java.lang.String)[pri:7, instance:test.AppiumFramework.HomeTest@272113c4]" started-at="2020-10-13T20:29:30 EDT" name="login" finished-at="2020-10-13T20:29:30 EDT" duration-ms="0" status="SKIP">
          <params>
            <param index="0">
              <value>
                <![CDATA[Let's  Shop]]>
              </value>
            </param>
          </params>
          <reporter-output>
          </reporter-output>
        </test-method> <!-- login -->
      </class> <!-- test.AppiumFramework.HomeTest -->
    </test> <!-- Home Page Test -->
    <test started-at="2020-10-13T20:29:31 EDT" name="Products Page Test" finished-at="2020-10-13T20:29:31 EDT" duration-ms="5">
      <class name="test.AppiumFramework.ProductsTest">
        <test-method signature="productsPage(java.lang.String)[pri:1, instance:test.AppiumFramework.ProductsTest@298a5e20]" started-at="2020-10-13T20:29:31 EDT" name="productsPage" finished-at="2020-10-13T20:29:31 EDT" duration-ms="0" status="SKIP">
          <params>
            <param index="0">
              <value>
                <![CDATA[Products]]>
              </value>
            </param>
          </params>
          <reporter-output>
          </reporter-output>
        </test-method> <!-- productsPage -->
        <test-method is-config="true" signature="initMethod()[pri:0, instance:test.AppiumFramework.ProductsTest@298a5e20]" started-at="2020-10-13T20:29:31 EDT" name="initMethod" finished-at="1969-12-31T19:00:00 EST" duration-ms="-1602635371127" status="SKIP">
          <reporter-output>
          </reporter-output>
        </test-method> <!-- initMethod -->
        <test-method signature="toastMsg(java.lang.String)[pri:2, instance:test.AppiumFramework.ProductsTest@298a5e20]" started-at="2020-10-13T20:29:31 EDT" name="toastMsg" finished-at="2020-10-13T20:29:31 EDT" duration-ms="0" status="SKIP">
          <params>
            <param index="0">
              <value>
                <![CDATA[Please add some product at first]]>
              </value>
            </param>
          </params>
          <reporter-output>
          </reporter-output>
        </test-method> <!-- toastMsg -->
        <test-method signature="locateItems(java.lang.String, java.lang.String)[pri:3, instance:test.AppiumFramework.ProductsTest@298a5e20]" started-at="2020-10-13T20:29:31 EDT" name="locateItems" finished-at="2020-10-13T20:29:31 EDT" duration-ms="0" status="SKIP">
          <params>
            <param index="0">
              <value>
                <![CDATA[android.widget.TextView]]>
              </value>
            </param>
            <param index="1">
              <value>
                <![CDATA[ADDED TO CART]]>
              </value>
            </param>
          </params>
          <reporter-output>
          </reporter-output>
        </test-method> <!-- locateItems -->
        <test-method signature="gotoCart()[pri:4, instance:test.AppiumFramework.ProductsTest@298a5e20]" started-at="2020-10-13T20:29:31 EDT" name="gotoCart" finished-at="2020-10-13T20:29:31 EDT" duration-ms="0" status="SKIP">
          <reporter-output>
          </reporter-output>
        </test-method> <!-- gotoCart -->
        <test-method is-config="true" signature="convertFromPriceList()[pri:0, instance:test.AppiumFramework.ProductsTest@298a5e20]" started-at="2020-10-13T20:29:31 EDT" name="convertFromPriceList" finished-at="1969-12-31T19:00:00 EST" duration-ms="-1602635371131" status="SKIP">
          <reporter-output>
          </reporter-output>
        </test-method> <!-- convertFromPriceList -->
      </class> <!-- test.AppiumFramework.ProductsTest -->
    </test> <!-- Products Page Test -->
    <test started-at="2020-10-13T20:29:31 EDT" name="Cart Page Test" finished-at="2020-10-13T20:29:31 EDT" duration-ms="5">
      <class name="test.AppiumFramework.CartTest">
        <test-method signature="cartPage(java.lang.String)[pri:1, instance:test.AppiumFramework.CartTest@11392934]" started-at="2020-10-13T20:29:31 EDT" name="cartPage" finished-at="2020-10-13T20:29:31 EDT" duration-ms="0" status="SKIP">
          <params>
            <param index="0">
              <value>
                <![CDATA[Cart]]>
              </value>
            </param>
          </params>
          <reporter-output>
          </reporter-output>
        </test-method> <!-- cartPage -->
        <test-method is-config="true" signature="initMethod()[pri:0, instance:test.AppiumFramework.CartTest@11392934]" started-at="2020-10-13T20:29:31 EDT" name="initMethod" finished-at="1969-12-31T19:00:00 EST" duration-ms="-1602635371158" status="SKIP">
          <reporter-output>
          </reporter-output>
        </test-method> <!-- initMethod -->
        <test-method signature="validateCartItems(java.lang.String)[pri:2, instance:test.AppiumFramework.CartTest@11392934]" started-at="2020-10-13T20:29:31 EDT" name="validateCartItems" finished-at="2020-10-13T20:29:31 EDT" duration-ms="0" status="SKIP">
          <params>
            <param index="0">
              <value>
                <![CDATA[Not Found]]>
              </value>
            </param>
          </params>
          <reporter-output>
          </reporter-output>
        </test-method> <!-- validateCartItems -->
        <test-method signature="validateCartTotal()[pri:3, instance:test.AppiumFramework.CartTest@11392934]" started-at="2020-10-13T20:29:31 EDT" name="validateCartTotal" finished-at="2020-10-13T20:29:31 EDT" duration-ms="0" status="SKIP">
          <reporter-output>
          </reporter-output>
        </test-method> <!-- validateCartTotal -->
        <test-method signature="validateChkBox(java.lang.String)[pri:4, instance:test.AppiumFramework.CartTest@11392934]" started-at="2020-10-13T20:29:31 EDT" name="validateChkBox" finished-at="2020-10-13T20:29:31 EDT" duration-ms="0" status="SKIP">
          <params>
            <param index="0">
              <value>
                <![CDATA[Send me e-mails on discounts related to selected products in future]]>
              </value>
            </param>
          </params>
          <reporter-output>
          </reporter-output>
        </test-method> <!-- validateChkBox -->
        <test-method signature="validateTC(java.lang.String, java.lang.String, java.lang.String, java.lang.String, java.lang.String, java.lang.String)[pri:5, instance:test.AppiumFramework.CartTest@11392934]" started-at="2020-10-13T20:29:31 EDT" name="validateTC" finished-at="2020-10-13T20:29:31 EDT" duration-ms="0" status="SKIP">
          <params>
            <param index="0">
              <value>
                <![CDATA[Please read our terms of conditions]]>
              </value>
            </param>
            <param index="1">
              <value>
                <![CDATA[Terms Of Conditions]]>
              </value>
            </param>
            <param index="2">
              <value>
                <![CDATA[Lorem Ipsum is simply dummy text of the printing and typesetting industry.]]>
              </value>
            </param>
            <param index="3">
              <value>
                <![CDATA[ Lorem Ipsum has been the industry's standard dummy text ever since the 1500s,]]>
              </value>
            </param>
            <param index="4">
              <value>
                <![CDATA[ when an unknown printer took a galley of type and scrambled it to make a type specimen book.]]>
              </value>
            </param>
            <param index="5">
              <value>
                <![CDATA[CLOSE]]>
              </value>
            </param>
          </params>
          <reporter-output>
          </reporter-output>
        </test-method> <!-- validateTC -->
        <test-method signature="validatePurchaseBtn(java.lang.String)[pri:6, instance:test.AppiumFramework.CartTest@11392934]" started-at="2020-10-13T20:29:31 EDT" name="validatePurchaseBtn" finished-at="2020-10-13T20:29:31 EDT" duration-ms="0" status="SKIP">
          <params>
            <param index="0">
              <value>
                <![CDATA[Visit to the website to complete purchase]]>
              </value>
            </param>
          </params>
          <reporter-output>
          </reporter-output>
        </test-method> <!-- validatePurchaseBtn -->
      </class> <!-- test.AppiumFramework.CartTest -->
    </test> <!-- Cart Page Test -->
    <test started-at="2020-10-13T20:29:31 EDT" name="Hybrid App Test" finished-at="2020-10-13T20:29:31 EDT" duration-ms="7">
      <class name="test.AppiumFramework.HybridTest">
        <test-method signature="webView()[pri:1, instance:test.AppiumFramework.HybridTest@7d0b7e3c]" started-at="2020-10-13T20:29:31 EDT" name="webView" finished-at="2020-10-13T20:29:31 EDT" duration-ms="0" status="SKIP">
          <exception class="io.appium.java_client.service.local.AppiumServerHasNotBeenStartedLocallyException">
            <message>
              <![CDATA[The local appium server has not been started. The given Node.js executable: C:\Program Files\nodejs\node.exe Arguments: [C:\Users\Basement\AppData\Roaming\npm\node_modules\appium\build\lib\main.js, --port, 4723, --address, 0.0.0.0, --chromedriver-executable, C:\Selenium\ChromeDriver\v69\chromedriver.exe] 
]]>
            </message>
            <full-stacktrace>
              <![CDATA[io.appium.java_client.service.local.AppiumServerHasNotBeenStartedLocallyException: The local appium server has not been started. The given Node.js executable: C:\Program Files\nodejs\node.exe Arguments: [C:\Users\Basement\AppData\Roaming\npm\node_modules\appium\build\lib\main.js, --port, 4723, --address, 0.0.0.0, --chromedriver-executable, C:\Selenium\ChromeDriver\v69\chromedriver.exe] 

at io.appium.java_client.service.local.AppiumDriverLocalService.start(AppiumDriverLocalService.java:164)
at test.AppiumFramework.AppTest.startServer(AppTest.java:67)
at test.AppiumFramework.HomeTest.setUp(HomeTest.java:20)
at java.base/jdk.internal.reflect.NativeMethodAccessorImpl.invoke0(Native Method)
at java.base/jdk.internal.reflect.NativeMethodAccessorImpl.invoke(NativeMethodAccessorImpl.java:62)
at java.base/jdk.internal.reflect.DelegatingMethodAccessorImpl.invoke(DelegatingMethodAccessorImpl.java:43)
at java.base/java.lang.reflect.Method.invoke(Method.java:567)
at org.testng.internal.MethodInvocationHelper.invokeMethod(MethodInvocationHelper.java:132)
at org.testng.internal.MethodInvocationHelper.invokeMethodConsideringTimeout(MethodInvocationHelper.java:61)
at org.testng.internal.ConfigInvoker.invokeConfigurationMethod(ConfigInvoker.java:366)
at org.testng.internal.ConfigInvoker.invokeConfigurations(ConfigInvoker.java:320)
at org.testng.SuiteRunner.privateRun(SuiteRunner.java:327)
at org.testng.SuiteRunner.run(SuiteRunner.java:286)
at org.testng.SuiteRunnerWorker.runSuite(SuiteRunnerWorker.java:53)
at org.testng.SuiteRunnerWorker.run(SuiteRunnerWorker.java:96)
at org.testng.TestNG.runSuitesSequentially(TestNG.java:1218)
at org.testng.TestNG.runSuitesLocally(TestNG.java:1140)
at org.testng.TestNG.runSuites(TestNG.java:1069)
at org.testng.TestNG.run(TestNG.java:1037)
at org.apache.maven.surefire.testng.TestNGExecutor.run(TestNGExecutor.java:284)
at org.apache.maven.surefire.testng.TestNGXmlTestSuite.execute(TestNGXmlTestSuite.java:75)
at org.apache.maven.surefire.testng.TestNGProvider.invoke(TestNGProvider.java:119)
at org.apache.maven.surefire.booter.ForkedBooter.runSuitesInProcess(ForkedBooter.java:428)
at org.apache.maven.surefire.booter.ForkedBooter.execute(ForkedBooter.java:162)
at org.apache.maven.surefire.booter.ForkedBooter.run(ForkedBooter.java:562)
at org.apache.maven.surefire.booter.ForkedBooter.main(ForkedBooter.java:548)
Caused by: org.openqa.selenium.net.UrlChecker$TimeoutException: Timed out waiting for [http://127.0.0.1:4723/wd/hub/status] to be available after 120004 ms
at org.openqa.selenium.net.UrlChecker.waitUntilAvailable(UrlChecker.java:100)
at io.appium.java_client.service.local.AppiumDriverLocalService.ping(AppiumDriverLocalService.java:129)
at io.appium.java_client.service.local.AppiumDriverLocalService.start(AppiumDriverLocalService.java:151)
... 25 more
Caused by: java.util.concurrent.TimeoutException
at java.base/java.util.concurrent.FutureTask.get(FutureTask.java:204)
at com.google.common.util.concurrent.SimpleTimeLimiter.callWithTimeout(SimpleTimeLimiter.java:156)
at org.openqa.selenium.net.UrlChecker.waitUntilAvailable(UrlChecker.java:75)
... 27 more
]]>
            </full-stacktrace>
          </exception> <!-- io.appium.java_client.service.local.AppiumServerHasNotBeenStartedLocallyException -->
          <reporter-output>
          </reporter-output>
        </test-method> <!-- webView -->
        <test-method signature="nativeAppView()[pri:2, instance:test.AppiumFramework.HybridTest@7d0b7e3c]" started-at="2020-10-13T20:29:31 EDT" name="nativeAppView" finished-at="2020-10-13T20:29:31 EDT" duration-ms="0" status="SKIP">
          <exception class="io.appium.java_client.service.local.AppiumServerHasNotBeenStartedLocallyException">
            <message>
              <![CDATA[The local appium server has not been started. The given Node.js executable: C:\Program Files\nodejs\node.exe Arguments: [C:\Users\Basement\AppData\Roaming\npm\node_modules\appium\build\lib\main.js, --port, 4723, --address, 0.0.0.0, --chromedriver-executable, C:\Selenium\ChromeDriver\v69\chromedriver.exe] 
]]>
            </message>
            <full-stacktrace>
              <![CDATA[io.appium.java_client.service.local.AppiumServerHasNotBeenStartedLocallyException: The local appium server has not been started. The given Node.js executable: C:\Program Files\nodejs\node.exe Arguments: [C:\Users\Basement\AppData\Roaming\npm\node_modules\appium\build\lib\main.js, --port, 4723, --address, 0.0.0.0, --chromedriver-executable, C:\Selenium\ChromeDriver\v69\chromedriver.exe] 

at io.appium.java_client.service.local.AppiumDriverLocalService.start(AppiumDriverLocalService.java:164)
at test.AppiumFramework.AppTest.startServer(AppTest.java:67)
at test.AppiumFramework.HomeTest.setUp(HomeTest.java:20)
at java.base/jdk.internal.reflect.NativeMethodAccessorImpl.invoke0(Native Method)
at java.base/jdk.internal.reflect.NativeMethodAccessorImpl.invoke(NativeMethodAccessorImpl.java:62)
at java.base/jdk.internal.reflect.DelegatingMethodAccessorImpl.invoke(DelegatingMethodAccessorImpl.java:43)
at java.base/java.lang.reflect.Method.invoke(Method.java:567)
at org.testng.internal.MethodInvocationHelper.invokeMethod(MethodInvocationHelper.java:132)
at org.testng.internal.MethodInvocationHelper.invokeMethodConsideringTimeout(MethodInvocationHelper.java:61)
at org.testng.internal.ConfigInvoker.invokeConfigurationMethod(ConfigInvoker.java:366)
at org.testng.internal.ConfigInvoker.invokeConfigurations(ConfigInvoker.java:320)
at org.testng.SuiteRunner.privateRun(SuiteRunner.java:327)
at org.testng.SuiteRunner.run(SuiteRunner.java:286)
at org.testng.SuiteRunnerWorker.runSuite(SuiteRunnerWorker.java:53)
at org.testng.SuiteRunnerWorker.run(SuiteRunnerWorker.java:96)
at org.testng.TestNG.runSuitesSequentially(TestNG.java:1218)
at org.testng.TestNG.runSuitesLocally(TestNG.java:1140)
at org.testng.TestNG.runSuites(TestNG.java:1069)
at org.testng.TestNG.run(TestNG.java:1037)
at org.apache.maven.surefire.testng.TestNGExecutor.run(TestNGExecutor.java:284)
at org.apache.maven.surefire.testng.TestNGXmlTestSuite.execute(TestNGXmlTestSuite.java:75)
at org.apache.maven.surefire.testng.TestNGProvider.invoke(TestNGProvider.java:119)
at org.apache.maven.surefire.booter.ForkedBooter.runSuitesInProcess(ForkedBooter.java:428)
at org.apache.maven.surefire.booter.ForkedBooter.execute(ForkedBooter.java:162)
at org.apache.maven.surefire.booter.ForkedBooter.run(ForkedBooter.java:562)
at org.apache.maven.surefire.booter.ForkedBooter.main(ForkedBooter.java:548)
Caused by: org.openqa.selenium.net.UrlChecker$TimeoutException: Timed out waiting for [http://127.0.0.1:4723/wd/hub/status] to be available after 120004 ms
at org.openqa.selenium.net.UrlChecker.waitUntilAvailable(UrlChecker.java:100)
at io.appium.java_client.service.local.AppiumDriverLocalService.ping(AppiumDriverLocalService.java:129)
at io.appium.java_client.service.local.AppiumDriverLocalService.start(AppiumDriverLocalService.java:151)
... 25 more
Caused by: java.util.concurrent.TimeoutException
at java.base/java.util.concurrent.FutureTask.get(FutureTask.java:204)
at com.google.common.util.concurrent.SimpleTimeLimiter.callWithTimeout(SimpleTimeLimiter.java:156)
at org.openqa.selenium.net.UrlChecker.waitUntilAvailable(UrlChecker.java:75)
... 27 more
]]>
            </full-stacktrace>
          </exception> <!-- io.appium.java_client.service.local.AppiumServerHasNotBeenStartedLocallyException -->
          <reporter-output>
          </reporter-output>
        </test-method> <!-- nativeAppView -->
        <test-method is-config="true" signature="tearDown()[pri:0, instance:test.AppiumFramework.HybridTest@7d0b7e3c]" started-at="2020-10-13T20:29:31 EDT" name="tearDown" finished-at="1969-12-31T19:00:00 EST" duration-ms="-1602635371229" status="SKIP">
          <reporter-output>
          </reporter-output>
        </test-method> <!-- tearDown -->
      </class> <!-- test.AppiumFramework.HybridTest -->
      <class name="test.AppiumFramework.HomeTest">
        <test-method is-config="true" signature="setUp()[pri:0, instance:test.AppiumFramework.HomeTest@272113c4]" started-at="2020-10-13T20:27:30 EDT" name="setUp" finished-at="2020-10-13T20:29:30 EDT" duration-ms="120133" status="FAIL">
          <exception class="io.appium.java_client.service.local.AppiumServerHasNotBeenStartedLocallyException">
            <message>
              <![CDATA[The local appium server has not been started. The given Node.js executable: C:\Program Files\nodejs\node.exe Arguments: [C:\Users\Basement\AppData\Roaming\npm\node_modules\appium\build\lib\main.js, --port, 4723, --address, 0.0.0.0, --chromedriver-executable, C:\Selenium\ChromeDriver\v69\chromedriver.exe] 
]]>
            </message>
            <full-stacktrace>
              <![CDATA[io.appium.java_client.service.local.AppiumServerHasNotBeenStartedLocallyException: The local appium server has not been started. The given Node.js executable: C:\Program Files\nodejs\node.exe Arguments: [C:\Users\Basement\AppData\Roaming\npm\node_modules\appium\build\lib\main.js, --port, 4723, --address, 0.0.0.0, --chromedriver-executable, C:\Selenium\ChromeDriver\v69\chromedriver.exe] 

at io.appium.java_client.service.local.AppiumDriverLocalService.start(AppiumDriverLocalService.java:164)
at test.AppiumFramework.AppTest.startServer(AppTest.java:67)
at test.AppiumFramework.HomeTest.setUp(HomeTest.java:20)
at java.base/jdk.internal.reflect.NativeMethodAccessorImpl.invoke0(Native Method)
at java.base/jdk.internal.reflect.NativeMethodAccessorImpl.invoke(NativeMethodAccessorImpl.java:62)
at java.base/jdk.internal.reflect.DelegatingMethodAccessorImpl.invoke(DelegatingMethodAccessorImpl.java:43)
at java.base/java.lang.reflect.Method.invoke(Method.java:567)
at org.testng.internal.MethodInvocationHelper.invokeMethod(MethodInvocationHelper.java:132)
at org.testng.internal.MethodInvocationHelper.invokeMethodConsideringTimeout(MethodInvocationHelper.java:61)
at org.testng.internal.ConfigInvoker.invokeConfigurationMethod(ConfigInvoker.java:366)
at org.testng.internal.ConfigInvoker.invokeConfigurations(ConfigInvoker.java:320)
at org.testng.SuiteRunner.privateRun(SuiteRunner.java:327)
at org.testng.SuiteRunner.run(SuiteRunner.java:286)
at org.testng.SuiteRunnerWorker.runSuite(SuiteRunnerWorker.java:53)
at org.testng.SuiteRunnerWorker.run(SuiteRunnerWorker.java:96)
at org.testng.TestNG.runSuitesSequentially(TestNG.java:1218)
at org.testng.TestNG.runSuitesLocally(TestNG.java:1140)
at org.testng.TestNG.runSuites(TestNG.java:1069)
at org.testng.TestNG.run(TestNG.java:1037)
at org.apache.maven.surefire.testng.TestNGExecutor.run(TestNGExecutor.java:284)
at org.apache.maven.surefire.testng.TestNGXmlTestSuite.execute(TestNGXmlTestSuite.java:75)
at org.apache.maven.surefire.testng.TestNGProvider.invoke(TestNGProvider.java:119)
at org.apache.maven.surefire.booter.ForkedBooter.runSuitesInProcess(ForkedBooter.java:428)
at org.apache.maven.surefire.booter.ForkedBooter.execute(ForkedBooter.java:162)
at org.apache.maven.surefire.booter.ForkedBooter.run(ForkedBooter.java:562)
at org.apache.maven.surefire.booter.ForkedBooter.main(ForkedBooter.java:548)
Caused by: org.openqa.selenium.net.UrlChecker$TimeoutException: Timed out waiting for [http://127.0.0.1:4723/wd/hub/status] to be available after 120004 ms
at org.openqa.selenium.net.UrlChecker.waitUntilAvailable(UrlChecker.java:100)
at io.appium.java_client.service.local.AppiumDriverLocalService.ping(AppiumDriverLocalService.java:129)
at io.appium.java_client.service.local.AppiumDriverLocalService.start(AppiumDriverLocalService.java:151)
... 25 more
Caused by: java.util.concurrent.TimeoutException
at java.base/java.util.concurrent.FutureTask.get(FutureTask.java:204)
at com.google.common.util.concurrent.SimpleTimeLimiter.callWithTimeout(SimpleTimeLimiter.java:156)
at org.openqa.selenium.net.UrlChecker.waitUntilAvailable(UrlChecker.java:75)
... 27 more
]]>
            </full-stacktrace>
          </exception> <!-- io.appium.java_client.service.local.AppiumServerHasNotBeenStartedLocallyException -->
          <reporter-output>
          </reporter-output>
        </test-method> <!-- setUp -->
      </class> <!-- test.AppiumFramework.HomeTest -->
    </test> <!-- Hybrid App Test -->
  </suite> <!-- Suite -->
</testng-results>
