-------------------------------------------------------------------------------
Test set: TestSuite
-------------------------------------------------------------------------------
Tests run: 25, Failures: 1, Errors: 0, Skipped: 24, Time elapsed: 2.029 s <<< FAILURE! - in TestSuite
test.AppiumFramework.HomeTest.setUp  Time elapsed: 1.447 s  <<< FAILURE!
io.appium.java_client.service.local.InvalidServerInstanceException: The main Appium script does not exist at 'C:\WINDOWS\system32\config\systemprofile\AppData\Roaming\npm\node_modules\appium\build\lib\main.js'
	at test.AppiumFramework.HomeTest.setUp(HomeTest.java:20)

